#
# A fatal error has been detected by the Java Runtime Environment:
#
#  EXCEPTION_ACCESS_VIOLATION (0xc0000005) at pc=0x00007ff82429e0a9, pid=13340, tid=41992
#
# JRE version: OpenJDK Runtime Environment Microsoft-8035246 (17.0.8+7) (build 17.0.8+7-LTS)
# Java VM: OpenJDK 64-Bit Server VM Microsoft-8035246 (17.0.8+7-LTS, mixed mode, sharing, tiered, compressed oops, compressed class ptrs, g1 gc, windows-amd64)
# Problematic frame:
# V  [jvm.dll+0x2be0a9]
#
# No core dump will be written. Minidumps are not enabled by default on client versions of Windows
#
# If you would like to submit a bug report, please visit:
#   https://github.com/microsoft/openjdk/issues
#

---------------  S U M M A R Y ------------

Command Line: -XX:MaxMetaspaceSize=512m --add-opens=java.base/java.util=ALL-UNNAMED --add-opens=java.base/java.lang=ALL-UNNAMED --add-opens=java.base/java.lang.invoke=ALL-UNNAMED --add-opens=java.prefs/java.util.prefs=ALL-UNNAMED --add-exports=jdk.compiler/com.sun.tools.javac.api=ALL-UNNAMED --add-exports=jdk.compiler/com.sun.tools.javac.util=ALL-UNNAMED --add-opens=java.base/java.nio.charset=ALL-UNNAMED --add-opens=java.base/java.net=ALL-UNNAMED --add-opens=java.base/java.util.concurrent.atomic=ALL-UNNAMED -Xmx2048m -Dfile.encoding=utf8 -Duser.country=IL -Duser.language=he -Duser.variant -javaagent:C:\Users\Lenovo\.gradle\wrapper\dists\gradle-8.10.2-all\7iv73wktx1xtkvlq19urqw1wm\gradle-8.10.2\lib\agents\gradle-instrumentation-agent-8.10.2.jar org.gradle.launcher.daemon.bootstrap.GradleDaemon 8.10.2

Host: 11th Gen Intel(R) Core(TM) i7-1165G7 @ 2.80GHz, 8 cores, 15G,  Windows 11 , 64 bit Build 26100 (10.0.26100.2454)
Time: Mon Dec 23 11:40:08 2024  Windows 11 , 64 bit Build 26100 (10.0.26100.2454) elapsed time: 37.188246 seconds (0d 0h 0m 37s)

---------------  T H R E A D  ---------------

Current thread (0x000001d852054ee0):  JavaThread "C2 CompilerThread1" daemon [_thread_in_native, id=41992, stack(0x000000b1fed00000,0x000000b1fee00000)]


Current CompileTask:
C2:  37188 11386       4       org.gradle.cache.internal.AsyncCacheAccessDecoratedCache$$Lambda$473/0x000001d82f45af18::get (12 bytes)

Stack: [0x000000b1fed00000,0x000000b1fee00000],  sp=0x000000b1fedfb670,  free space=1005k
Native frames: (J=compiled Java code, j=interpreted, Vv=VM code, C=native code)
V  [jvm.dll+0x2be0a9]
V  [jvm.dll+0x21ba8b]
V  [jvm.dll+0x21944b]
V  [jvm.dll+0x1a56b6]
V  [jvm.dll+0x2291ea]
V  [jvm.dll+0x22724c]
V  [jvm.dll+0x7efd0c]
V  [jvm.dll+0x7ea13a]
V  [jvm.dll+0x67ad85]
C  [ucrtbase.dll+0x14ea0]
C  [KERNEL32.DLL+0x2e8d7]
C  [ntdll.dll+0xdfbcc]


siginfo: EXCEPTION_ACCESS_VIOLATION (0xc0000005), reading address 0x0000000000000028


Register to memory mapping:

RIP=0x00007ff82429e0a9 jvm.dll
RAX=0x000001d8517726b0 points into unknown readable memory: 0x0000000000000000 | 00 00 00 00 00 00 00 00
RBX=0x0000000000001949 is an unknown value
RCX=0x0 is NULL
RDX=0x0 is NULL
RSP=0x000000b1fedfb670 is pointing into the stack for thread: 0x000001d852054ee0
RBP=0x000000b1fedfb6e0 is pointing into the stack for thread: 0x000001d852054ee0
RSI=0x0 is NULL
RDI=0x000000000000004e is an unknown value
R8 =0x000000000000ffe0 is an unknown value
R9 =0x0 is NULL
R10=0x00007ff8d4f60000 VCRUNTIME140.dll
R11=0x000001d8517726d0 points into unknown readable memory: 0x0000000000000000 | 00 00 00 00 00 00 00 00
R12=0x0000000000000050 is an unknown value
R13=0x0 is NULL
R14=0x0 is NULL
R15=0x000000b1fedfe890 is pointing into the stack for thread: 0x000001d852054ee0


Registers:
RAX=0x000001d8517726b0, RBX=0x0000000000001949, RCX=0x0000000000000000, RDX=0x0000000000000000
RSP=0x000000b1fedfb670, RBP=0x000000b1fedfb6e0, RSI=0x0000000000000000, RDI=0x000000000000004e
R8 =0x000000000000ffe0, R9 =0x0000000000000000, R10=0x00007ff8d4f60000, R11=0x000001d8517726d0
R12=0x0000000000000050, R13=0x0000000000000000, R14=0x0000000000000000, R15=0x000000b1fedfe890
RIP=0x00007ff82429e0a9, EFLAGS=0x0000000000010202

Top of Stack: (sp=0x000000b1fedfb670)
0x000000b1fedfb670:   0000000000001949 0000000000000000
0x000000b1fedfb680:   000000b1fedfe890 00007ff8242038d1
0x000000b1fedfb690:   000001d850a521a0 00007ff800002000
0x000000b1fedfb6a0:   000001d8517726b0 0000000000000000
0x000000b1fedfb6b0:   0000000000000002 000001d852ff35e0
0x000000b1fedfb6c0:   0000000000000002 000001d850a521a0
0x000000b1fedfb6d0:   0000000000000000 0000000000000000
0x000000b1fedfb6e0:   000001d852a33f70 000001d80f08ccd0
0x000000b1fedfb6f0:   000000000000004e 00007ff824924c08
0x000000b1fedfb700:   000000b1fedfb810 00007ff8241fba8b
0x000000b1fedfb710:   000000b1fedfe890 00007ff824924c08
0x000000b1fedfb720:   000000b1fedfe890 000000b1fedfb810
0x000000b1fedfb730:   000000b100000000 000000b1fedff3f0
0x000000b1fedfb740:   000000b10000000f 000000b1fedfe890
0x000000b1fedfb750:   000000b1fedfb8c0 000001d800000000
0x000000b1fedfb760:   000001d800000100 00007ff824924c08 

Instructions: (pc=0x00007ff82429e0a9)
0x00007ff82429dfa9:   3b d0 75 0b ff c1 41 3b c9 7c dc 48 8b c2 c3 33
0x00007ff82429dfb9:   c0 c3 cc cc cc cc cc 48 89 5c 24 18 55 56 57 41
0x00007ff82429dfc9:   55 41 57 48 8b ec 48 83 ec 70 65 48 8b 04 25 58
0x00007ff82429dfd9:   00 00 00 48 8b f2 44 8b 05 d2 8b 90 00 4c 8b f9
0x00007ff82429dfe9:   4a 8b 1c c0 b8 50 00 00 00 80 3c 18 00 75 05 e8
0x00007ff82429dff9:   8b 6f 5d 00 b8 20 00 00 00 48 8b 04 18 48 8b 98
0x00007ff82429e009:   38 02 00 00 48 89 5d b0 c7 45 b8 04 00 00 00 48
0x00007ff82429e019:   8b 43 18 48 83 f8 df 76 18 4c 8d 05 37 a9 65 00
0x00007ff82429e029:   ba 20 00 00 00 48 8b cb e8 5a eb de ff 48 8b 43
0x00007ff82429e039:   18 48 8d 48 20 48 3b 4b 20 76 11 45 33 c0 48 8b
0x00007ff82429e049:   cb 41 8d 50 20 e8 fd e8 de ff eb 04 48 89 4b 18
0x00007ff82429e059:   44 8b 45 b8 33 d2 49 c1 e0 03 48 8b c8 48 89 45
0x00007ff82429e069:   c0 e8 e3 80 5d 00 45 33 ed 48 8d 4d d0 44 89 6d
0x00007ff82429e079:   c8 e8 01 59 56 00 41 8b 9f 40 02 00 00 41 2b 9f
0x00007ff82429e089:   68 02 00 00 44 89 6d f0 3b 5d b8 72 0b 8b d3 48
0x00007ff82429e099:   8d 4d b0 e8 6f b3 39 00 48 8b 45 c0 4c 89 2c d8
0x00007ff82429e0a9:   8b 7e 28 8b df c1 eb 05 3b 5d d0 72 0b 8b d3 48
0x00007ff82429e0b9:   8d 4d d0 e8 1f 59 56 00 48 8b 45 d8 83 e7 1f 48
0x00007ff82429e0c9:   8d 14 98 40 0f b6 cf 41 b8 01 00 00 00 41 d3 e0
0x00007ff82429e0d9:   8b 0a 8b c1 41 0b c0 89 02 41 85 c8 75 21 8b 5d
0x00007ff82429e0e9:   c8 8d 43 01 89 45 c8 3b 5d b8 72 0b 8b d3 48 8d
0x00007ff82429e0f9:   4d b0 e8 10 b3 39 00 48 8b 45 c0 48 89 34 d8 44
0x00007ff82429e109:   39 6d c8 0f 86 77 01 00 00 4c 89 a4 24 a0 00 00
0x00007ff82429e119:   00 4c 89 b4 24 a8 00 00 00 48 8b 45 c0 41 8b cd
0x00007ff82429e129:   48 8b 34 c8 8b 46 2c 25 ff 1f 00 00 3d 04 10 00
0x00007ff82429e139:   00 0f 85 a7 00 00 00 bb 01 00 00 00 39 5e 18 76
0x00007ff82429e149:   39 66 0f 1f 44 00 00 48 8b 46 08 8b cb 48 8b 14
0x00007ff82429e159:   c8 48 85 d2 74 1d 48 83 7a 10 00 74 16 80 7a 2c
0x00007ff82429e169:   84 74 10 e8 7f 7e ee ff 48 8b d0 49 8b cf e8 a4
0x00007ff82429e179:   61 f6 ff ff c3 3b 5e 18 72 cd 48 8b 5e 10 8b 46
0x00007ff82429e189:   20 4c 8d 34 c3 49 3b de 73 54 48 8b 3b 8b 47 2c
0x00007ff82429e199:   83 e0 03 3c 03 75 2e 48 8b 07 48 8b cf ff 90 88 


Stack slot to memory mapping:
stack at sp + 0 slots: 0x0000000000001949 is an unknown value
stack at sp + 1 slots: 0x0 is NULL
stack at sp + 2 slots: 0x000000b1fedfe890 is pointing into the stack for thread: 0x000001d852054ee0
stack at sp + 3 slots: 0x00007ff8242038d1 jvm.dll
stack at sp + 4 slots: 0x000001d850a521a0 points into unknown readable memory: 0x000001d800000006 | 06 00 00 00 d8 01 00 00
stack at sp + 5 slots: 0x00007ff800002000 is an unknown value
stack at sp + 6 slots: 0x000001d8517726b0 points into unknown readable memory: 0x0000000000000000 | 00 00 00 00 00 00 00 00
stack at sp + 7 slots: 0x0 is NULL


---------------  P R O C E S S  ---------------

Threads class SMR info:
_java_thread_list=0x000001d849111230, length=143, elements={
0x000001d80f0729d0, 0x000001d82d692d90, 0x000001d82d693760, 0x000001d82d6a5eb0,
0x000001d82d6a6780, 0x000001d82d6aa070, 0x000001d82d6aa940, 0x000001d82d6af600,
0x000001d82d6bad50, 0x000001d82d6bb660, 0x000001d849080fa0, 0x000001d84926eaa0,
0x000001d84ed3c860, 0x000001d84f133bf0, 0x000001d84f136940, 0x000001d8490a9930,
0x000001d8494e4870, 0x000001d84e5420d0, 0x000001d84e5416b0, 0x000001d84e543510,
0x000001d84e543f30, 0x000001d84e544440, 0x000001d84e543000, 0x000001d84e5425e0,
0x000001d84e544950, 0x000001d84e541bc0, 0x000001d84e542af0, 0x000001d851c9d460,
0x000001d851c9f2c0, 0x000001d851c9e390, 0x000001d851c9e8a0, 0x000001d851c9f7d0,
0x000001d851ca01f0, 0x000001d851c9fce0, 0x000001d851ca0700, 0x000001d851ca1120,
0x000001d851c9d970, 0x000001d851ca2560, 0x000001d851ca43c0, 0x000001d851ca48d0,
0x000001d851ca1b40, 0x000001d851ca2f80, 0x000001d851ca2a70, 0x000001d851ca39a0,
0x000001d851ca3eb0, 0x000001d852560fe0, 0x000001d852562930, 0x000001d852561f10,
0x000001d8525600b0, 0x000001d852562420, 0x000001d8525605c0, 0x000001d852562e40,
0x000001d852564280, 0x000001d852561a00, 0x000001d852563d70, 0x000001d8525614f0,
0x000001d852563350, 0x000001d852563860, 0x000001d852560ad0, 0x000001d852564790,
0x000001d8525665f0, 0x000001d852564ca0, 0x000001d8525651b0, 0x000001d8525656c0,
0x000001d852565bd0, 0x000001d852567520, 0x000001d84f1e0a70, 0x000001d84f1e19a0,
0x000001d84f1dfb40, 0x000001d84f1de700, 0x000001d84f1e0f80, 0x000001d84f1e1eb0,
0x000001d84f1df630, 0x000001d84f1e23c0, 0x000001d84f1e0050, 0x000001d84f1e28d0,
0x000001d84f1df120, 0x000001d84f1e4730, 0x000001d84f1e4c40, 0x000001d84f1e5150,
0x000001d84f1e3800, 0x000001d84f1e32f0, 0x000001d84f1e5660, 0x000001d84f1e3d10,
0x000001d84f1e5b70, 0x000001d84f1e6080, 0x000001d84f1e4220, 0x000001d84f1e2de0,
0x000001d8503b8f20, 0x000001d8503b8500, 0x000001d8503b8a10, 0x000001d8503b9430,
0x000001d8503ba870, 0x000001d8503b9940, 0x000001d8503bb7a0, 0x000001d8503b9e50,
0x000001d8503bb290, 0x000001d8503ba360, 0x000001d8503bad80, 0x000001d8503b7ff0,
0x000001d8503bef50, 0x000001d8503be020, 0x000001d8503bdb10, 0x000001d8503bf460,
0x000001d8503bc6d0, 0x000001d8503bc1c0, 0x000001d8503bd600, 0x000001d8503bcbe0,
0x000001d8503be530, 0x000001d8503bea40, 0x000001d8503bd0f0, 0x000001d8503bbcb0,
0x000001d8503bf970, 0x000001d852e6af70, 0x000001d852e6aa60, 0x000001d852e6c8c0,
0x000001d852e6a550, 0x000001d852e6b480, 0x000001d852e6d2e0, 0x000001d852e6bea0,
0x000001d852e6b990, 0x000001d852e6c3b0, 0x000001d852e6cdd0, 0x000001d852e6d7f0,
0x000001d852e6dd00, 0x000001d849118df0, 0x000001d849117ec0, 0x000001d849116060,
0x000001d849116570, 0x000001d849116a80, 0x000001d849116f90, 0x000001d8491183d0,
0x000001d849119300, 0x000001d849119810, 0x000001d851c9de80, 0x000001d851c9edb0,
0x000001d84f1dec10, 0x000001d8493eca60, 0x000001d8493ed480, 0x000001d8493ee8c0,
0x000001d8493ed990, 0x000001d852054ee0, 0x000001d8493eedd0
}

Java Threads: ( => current thread )
  0x000001d80f0729d0 JavaThread "main" [_thread_blocked, id=8808, stack(0x000000b1f5a00000,0x000000b1f5b00000)]
  0x000001d82d692d90 JavaThread "Reference Handler" daemon [_thread_blocked, id=38972, stack(0x000000b1f6100000,0x000000b1f6200000)]
  0x000001d82d693760 JavaThread "Finalizer" daemon [_thread_blocked, id=38016, stack(0x000000b1f6200000,0x000000b1f6300000)]
  0x000001d82d6a5eb0 JavaThread "Signal Dispatcher" daemon [_thread_blocked, id=5164, stack(0x000000b1f6300000,0x000000b1f6400000)]
  0x000001d82d6a6780 JavaThread "Attach Listener" daemon [_thread_blocked, id=30052, stack(0x000000b1f6400000,0x000000b1f6500000)]
  0x000001d82d6aa070 JavaThread "Service Thread" daemon [_thread_blocked, id=34680, stack(0x000000b1f6500000,0x000000b1f6600000)]
  0x000001d82d6aa940 JavaThread "Monitor Deflation Thread" daemon [_thread_blocked, id=47948, stack(0x000000b1f6600000,0x000000b1f6700000)]
  0x000001d82d6af600 JavaThread "C2 CompilerThread0" daemon [_thread_in_native, id=38240, stack(0x000000b1f6700000,0x000000b1f6800000)]
  0x000001d82d6bad50 JavaThread "C1 CompilerThread0" daemon [_thread_blocked, id=23316, stack(0x000000b1f6800000,0x000000b1f6900000)]
  0x000001d82d6bb660 JavaThread "Sweeper thread" daemon [_thread_blocked, id=50856, stack(0x000000b1f6900000,0x000000b1f6a00000)]
  0x000001d849080fa0 JavaThread "Common-Cleaner" daemon [_thread_blocked, id=39432, stack(0x000000b1f6a00000,0x000000b1f6b00000)]
  0x000001d84926eaa0 JavaThread "Notification Thread" daemon [_thread_blocked, id=49844, stack(0x000000b1f6b00000,0x000000b1f6c00000)]
  0x000001d84ed3c860 JavaThread "Daemon health stats" [_thread_blocked, id=39308, stack(0x000000b1f7300000,0x000000b1f7400000)]
  0x000001d84f133bf0 JavaThread "Incoming local TCP Connector on port 54772" [_thread_in_native, id=34980, stack(0x000000b1f6d00000,0x000000b1f6e00000)]
  0x000001d84f136940 JavaThread "Daemon periodic checks" [_thread_blocked, id=39752, stack(0x000000b1f7400000,0x000000b1f7500000)]
  0x000001d8490a9930 JavaThread "Daemon" [_thread_blocked, id=18860, stack(0x000000b1f7500000,0x000000b1f7600000)]
  0x000001d8494e4870 JavaThread "Handler for socket connection from /127.0.0.1:54772 to /127.0.0.1:54773" [_thread_in_native, id=34860, stack(0x000000b1f7600000,0x000000b1f7700000)]
  0x000001d84e5420d0 JavaThread "Cancel handler" [_thread_blocked, id=47788, stack(0x000000b1f7700000,0x000000b1f7800000)]
  0x000001d84e5416b0 JavaThread "Daemon worker" [_thread_blocked, id=21144, stack(0x000000b1f7800000,0x000000b1f7900000)]
  0x000001d84e543510 JavaThread "Asynchronous log dispatcher for DefaultDaemonConnection: socket connection from /127.0.0.1:54772 to /127.0.0.1:54773" [_thread_blocked, id=50020, stack(0x000000b1f7900000,0x000000b1f7a00000)]
  0x000001d84e543f30 JavaThread "Stdin handler" [_thread_blocked, id=8932, stack(0x000000b1f7a00000,0x000000b1f7b00000)]
  0x000001d84e544440 JavaThread "Daemon client event forwarder" [_thread_in_native, id=30156, stack(0x000000b1f7b00000,0x000000b1f7c00000)]
  0x000001d84e543000 JavaThread "Cache worker for journal cache (C:\Users\Lenovo\.gradle\caches\journal-1)" [_thread_blocked, id=35520, stack(0x000000b1f7c00000,0x000000b1f7d00000)]
  0x000001d84e5425e0 JavaThread "File lock request listener" [_thread_in_native, id=46776, stack(0x000000b1f7d00000,0x000000b1f7e00000)]
  0x000001d84e544950 JavaThread "Cache worker for file hash cache (C:\Users\Lenovo\.gradle\caches\8.10.2\fileHashes)" [_thread_blocked, id=26476, stack(0x000000b1f7e00000,0x000000b1f7f00000)]
  0x000001d84e541bc0 JavaThread "Cache worker for file hash cache (C:\Users\Lenovo\Desktop\CoffeeWolt\android\.gradle\8.10.2\fileHashes)" [_thread_blocked, id=32404, stack(0x000000b1f8100000,0x000000b1f8200000)]
  0x000001d84e542af0 JavaThread "Cache worker for Build Output Cleanup Cache (C:\Users\Lenovo\Desktop\CoffeeWolt\android\.gradle\buildOutputCleanup)" [_thread_blocked, id=25656, stack(0x000000b1f8200000,0x000000b1f8300000)]
  0x000001d851c9d460 JavaThread "File watcher server" daemon [_thread_in_native, id=11792, stack(0x000000b1f8000000,0x000000b1f8100000)]
  0x000001d851c9f2c0 JavaThread "File watcher consumer" daemon [_thread_blocked, id=31772, stack(0x000000b1f8600000,0x000000b1f8700000)]
  0x000001d851c9e390 JavaThread "Cache worker for checksums cache (C:\Users\Lenovo\Desktop\CoffeeWolt\android\.gradle\8.10.2\checksums)" [_thread_blocked, id=17716, stack(0x000000b1f8700000,0x000000b1f8800000)]
  0x000001d851c9e8a0 JavaThread "Cache worker for file content cache (C:\Users\Lenovo\.gradle\caches\8.10.2\fileContent)" [_thread_blocked, id=39596, stack(0x000000b1f8800000,0x000000b1f8900000)]
  0x000001d851c9f7d0 JavaThread "Cache worker for cache directory md-rule (C:\Users\Lenovo\.gradle\caches\8.10.2\md-rule)" [_thread_blocked, id=35820, stack(0x000000b1f7f00000,0x000000b1f8000000)]
  0x000001d851ca01f0 JavaThread "Cache worker for cache directory md-supplier (C:\Users\Lenovo\.gradle\caches\8.10.2\md-supplier)" [_thread_blocked, id=41256, stack(0x000000b1f8900000,0x000000b1f8a00000)]
  0x000001d851c9fce0 JavaThread "jar transforms" [_thread_blocked, id=47728, stack(0x000000b1f8a00000,0x000000b1f8b00000)]
  0x000001d851ca0700 JavaThread "jar transforms Thread 2" [_thread_blocked, id=48772, stack(0x000000b1f8c00000,0x000000b1f8d00000)]
  0x000001d851ca1120 JavaThread "jar transforms Thread 3" [_thread_blocked, id=17608, stack(0x000000b1f8e00000,0x000000b1f8f00000)]
  0x000001d851c9d970 JavaThread "Cache worker for Build Output Cleanup Cache (C:\Users\Lenovo\Desktop\CoffeeWolt\node_modules\@react-native\gradle-plugin\.gradle\buildOutputCleanup)" [_thread_blocked, id=15312, stack(0x000000b1f8f00000,0x000000b1f9000000)]
  0x000001d851ca2560 JavaThread "Unconstrained build operations" [_thread_blocked, id=47900, stack(0x000000b1f9000000,0x000000b1f9100000)]
  0x000001d851ca43c0 JavaThread "Unconstrained build operations Thread 2" [_thread_blocked, id=38784, stack(0x000000b1f9100000,0x000000b1f9200000)]
  0x000001d851ca48d0 JavaThread "Unconstrained build operations Thread 3" [_thread_blocked, id=50744, stack(0x000000b1f9200000,0x000000b1f9300000)]
  0x000001d851ca1b40 JavaThread "Unconstrained build operations Thread 4" [_thread_blocked, id=20048, stack(0x000000b1f9300000,0x000000b1f9400000)]
  0x000001d851ca2f80 JavaThread "Unconstrained build operations Thread 5" [_thread_blocked, id=44752, stack(0x000000b1f9400000,0x000000b1f9500000)]
  0x000001d851ca2a70 JavaThread "Unconstrained build operations Thread 6" [_thread_blocked, id=4636, stack(0x000000b1f9500000,0x000000b1f9600000)]
  0x000001d851ca39a0 JavaThread "Unconstrained build operations Thread 7" [_thread_blocked, id=42328, stack(0x000000b1f9600000,0x000000b1f9700000)]
  0x000001d851ca3eb0 JavaThread "Unconstrained build operations Thread 8" [_thread_blocked, id=45860, stack(0x000000b1f9700000,0x000000b1f9800000)]
  0x000001d852560fe0 JavaThread "Unconstrained build operations Thread 9" [_thread_blocked, id=47860, stack(0x000000b1f9800000,0x000000b1f9900000)]
  0x000001d852562930 JavaThread "Unconstrained build operations Thread 10" [_thread_blocked, id=47440, stack(0x000000b1f9900000,0x000000b1f9a00000)]
  0x000001d852561f10 JavaThread "Unconstrained build operations Thread 11" [_thread_blocked, id=17744, stack(0x000000b1f9a00000,0x000000b1f9b00000)]
  0x000001d8525600b0 JavaThread "Unconstrained build operations Thread 12" [_thread_blocked, id=43864, stack(0x000000b1f9b00000,0x000000b1f9c00000)]
  0x000001d852562420 JavaThread "Unconstrained build operations Thread 13" [_thread_blocked, id=20176, stack(0x000000b1f9c00000,0x000000b1f9d00000)]
  0x000001d8525605c0 JavaThread "Unconstrained build operations Thread 14" [_thread_blocked, id=41052, stack(0x000000b1f9d00000,0x000000b1f9e00000)]
  0x000001d852562e40 JavaThread "Unconstrained build operations Thread 15" [_thread_blocked, id=25080, stack(0x000000b1f9e00000,0x000000b1f9f00000)]
  0x000001d852564280 JavaThread "Unconstrained build operations Thread 16" [_thread_blocked, id=50652, stack(0x000000b1f9f00000,0x000000b1fa000000)]
  0x000001d852561a00 JavaThread "Unconstrained build operations Thread 17" [_thread_blocked, id=50684, stack(0x000000b1fa000000,0x000000b1fa100000)]
  0x000001d852563d70 JavaThread "Unconstrained build operations Thread 18" [_thread_blocked, id=48092, stack(0x000000b1fa100000,0x000000b1fa200000)]
  0x000001d8525614f0 JavaThread "Unconstrained build operations Thread 19" [_thread_blocked, id=38408, stack(0x000000b1fa200000,0x000000b1fa300000)]
  0x000001d852563350 JavaThread "Unconstrained build operations Thread 20" [_thread_blocked, id=41348, stack(0x000000b1fa300000,0x000000b1fa400000)]
  0x000001d852563860 JavaThread "Unconstrained build operations Thread 21" [_thread_blocked, id=51020, stack(0x000000b1fa400000,0x000000b1fa500000)]
  0x000001d852560ad0 JavaThread "Unconstrained build operations Thread 22" [_thread_blocked, id=32700, stack(0x000000b1fa500000,0x000000b1fa600000)]
  0x000001d852564790 JavaThread "Unconstrained build operations Thread 23" [_thread_blocked, id=43592, stack(0x000000b1fa600000,0x000000b1fa700000)]
  0x000001d8525665f0 JavaThread "Unconstrained build operations Thread 24" [_thread_blocked, id=48336, stack(0x000000b1fa700000,0x000000b1fa800000)]
  0x000001d852564ca0 JavaThread "Unconstrained build operations Thread 25" [_thread_blocked, id=25564, stack(0x000000b1fa800000,0x000000b1fa900000)]
  0x000001d8525651b0 JavaThread "Unconstrained build operations Thread 26" [_thread_blocked, id=42180, stack(0x000000b1fa900000,0x000000b1faa00000)]
  0x000001d8525656c0 JavaThread "Unconstrained build operations Thread 27" [_thread_blocked, id=47256, stack(0x000000b1faa00000,0x000000b1fab00000)]
  0x000001d852565bd0 JavaThread "Memory manager" [_thread_blocked, id=49976, stack(0x000000b1fab00000,0x000000b1fac00000)]
  0x000001d852567520 JavaThread "build event listener" [_thread_blocked, id=42144, stack(0x000000b1f8b00000,0x000000b1f8c00000)]
  0x000001d84f1e0a70 JavaThread "File lock release action executor" [_thread_blocked, id=30696, stack(0x000000b1f8d00000,0x000000b1f8e00000)]
  0x000001d84f1e19a0 JavaThread "ForkJoinPool.commonPool-worker-1" daemon [_thread_blocked, id=49000, stack(0x000000b1fac00000,0x000000b1fad00000)]
  0x000001d84f1dfb40 JavaThread "ForkJoinPool.commonPool-worker-2" daemon [_thread_blocked, id=41132, stack(0x000000b1fad00000,0x000000b1fae00000)]
  0x000001d84f1de700 JavaThread "ForkJoinPool.commonPool-worker-3" daemon [_thread_blocked, id=37684, stack(0x000000b1fae00000,0x000000b1faf00000)]
  0x000001d84f1e0f80 JavaThread "ForkJoinPool.commonPool-worker-4" daemon [_thread_blocked, id=38812, stack(0x000000b1faf00000,0x000000b1fb000000)]
  0x000001d84f1e1eb0 JavaThread "ForkJoinPool.commonPool-worker-5" daemon [_thread_blocked, id=28384, stack(0x000000b1fb000000,0x000000b1fb100000)]
  0x000001d84f1df630 JavaThread "ForkJoinPool.commonPool-worker-7" daemon [_thread_blocked, id=49024, stack(0x000000b1fb100000,0x000000b1fb200000)]
  0x000001d84f1e23c0 JavaThread "ForkJoinPool.commonPool-worker-6" daemon [_thread_blocked, id=46908, stack(0x000000b1fb200000,0x000000b1fb300000)]
  0x000001d84f1e0050 JavaThread "Exec process" [_thread_blocked, id=41108, stack(0x000000b1fb300000,0x000000b1fb400000)]
  0x000001d84f1e28d0 JavaThread "Exec process Thread 2" [_thread_blocked, id=50164, stack(0x000000b1fb400000,0x000000b1fb500000)]
  0x000001d84f1df120 JavaThread "Exec process Thread 3" [_thread_blocked, id=40524, stack(0x000000b1fb500000,0x000000b1fb600000)]
  0x000001d84f1e4730 JavaThread "included builds" [_thread_blocked, id=9208, stack(0x000000b1fb600000,0x000000b1fb700000)]
  0x000001d84f1e4c40 JavaThread "Execution worker" [_thread_blocked, id=46404, stack(0x000000b1fb700000,0x000000b1fb800000)]
  0x000001d84f1e5150 JavaThread "Execution worker Thread 2" [_thread_blocked, id=26092, stack(0x000000b1fb800000,0x000000b1fb900000)]
  0x000001d84f1e3800 JavaThread "Execution worker Thread 3" [_thread_blocked, id=21352, stack(0x000000b1fb900000,0x000000b1fba00000)]
  0x000001d84f1e32f0 JavaThread "Execution worker Thread 4" [_thread_blocked, id=26276, stack(0x000000b1fba00000,0x000000b1fbb00000)]
  0x000001d84f1e5660 JavaThread "Execution worker Thread 5" [_thread_blocked, id=47124, stack(0x000000b1fbb00000,0x000000b1fbc00000)]
  0x000001d84f1e3d10 JavaThread "Execution worker Thread 6" [_thread_blocked, id=15068, stack(0x000000b1fbc00000,0x000000b1fbd00000)]
  0x000001d84f1e5b70 JavaThread "Execution worker Thread 7" [_thread_blocked, id=45028, stack(0x000000b1fbd00000,0x000000b1fbe00000)]
  0x000001d84f1e6080 JavaThread "Cache worker for execution history cache (C:\Users\Lenovo\Desktop\CoffeeWolt\node_modules\@react-native\gradle-plugin\.gradle\8.10.2\executionHistory)" [_thread_blocked, id=48732, stack(0x000000b1fbe00000,0x000000b1fbf00000)]
  0x000001d84f1e4220 JavaThread "Unconstrained build operations Thread 28" [_thread_blocked, id=46920, stack(0x000000b1fbf00000,0x000000b1fc000000)]
  0x000001d84f1e2de0 JavaThread "Unconstrained build operations Thread 29" [_thread_blocked, id=36400, stack(0x000000b1fc000000,0x000000b1fc100000)]
  0x000001d8503b8f20 JavaThread "Unconstrained build operations Thread 30" [_thread_blocked, id=42684, stack(0x000000b1fc100000,0x000000b1fc200000)]
  0x000001d8503b8500 JavaThread "Unconstrained build operations Thread 31" [_thread_blocked, id=40896, stack(0x000000b1fc200000,0x000000b1fc300000)]
  0x000001d8503b8a10 JavaThread "Unconstrained build operations Thread 32" [_thread_blocked, id=37500, stack(0x000000b1fc300000,0x000000b1fc400000)]
  0x000001d8503b9430 JavaThread "Unconstrained build operations Thread 33" [_thread_blocked, id=27176, stack(0x000000b1fc400000,0x000000b1fc500000)]
  0x000001d8503ba870 JavaThread "Unconstrained build operations Thread 34" [_thread_blocked, id=49428, stack(0x000000b1fc500000,0x000000b1fc600000)]
  0x000001d8503b9940 JavaThread "Unconstrained build operations Thread 35" [_thread_blocked, id=47776, stack(0x000000b1fc600000,0x000000b1fc700000)]
  0x000001d8503bb7a0 JavaThread "Unconstrained build operations Thread 36" [_thread_blocked, id=47840, stack(0x000000b1fc700000,0x000000b1fc800000)]
  0x000001d8503b9e50 JavaThread "Unconstrained build operations Thread 37" [_thread_blocked, id=40480, stack(0x000000b1fc800000,0x000000b1fc900000)]
  0x000001d8503bb290 JavaThread "Unconstrained build operations Thread 38" [_thread_blocked, id=47288, stack(0x000000b1fc900000,0x000000b1fca00000)]
  0x000001d8503ba360 JavaThread "Unconstrained build operations Thread 39" [_thread_blocked, id=47476, stack(0x000000b1fca00000,0x000000b1fcb00000)]
  0x000001d8503bad80 JavaThread "Unconstrained build operations Thread 40" [_thread_blocked, id=44728, stack(0x000000b1fcb00000,0x000000b1fcc00000)]
  0x000001d8503b7ff0 JavaThread "Unconstrained build operations Thread 41" [_thread_blocked, id=49220, stack(0x000000b1fcc00000,0x000000b1fcd00000)]
  0x000001d8503bef50 JavaThread "Unconstrained build operations Thread 42" [_thread_blocked, id=24276, stack(0x000000b1fcd00000,0x000000b1fce00000)]
  0x000001d8503be020 JavaThread "Unconstrained build operations Thread 43" [_thread_blocked, id=13776, stack(0x000000b1fce00000,0x000000b1fcf00000)]
  0x000001d8503bdb10 JavaThread "Unconstrained build operations Thread 44" [_thread_blocked, id=4344, stack(0x000000b1f5900000,0x000000b1f5a00000)]
  0x000001d8503bf460 JavaThread "Unconstrained build operations Thread 45" [_thread_blocked, id=46864, stack(0x000000b1fd000000,0x000000b1fd100000)]
  0x000001d8503bc6d0 JavaThread "Unconstrained build operations Thread 46" [_thread_blocked, id=30020, stack(0x000000b1fd100000,0x000000b1fd200000)]
  0x000001d8503bc1c0 JavaThread "Unconstrained build operations Thread 47" [_thread_blocked, id=49440, stack(0x000000b1fd200000,0x000000b1fd300000)]
  0x000001d8503bd600 JavaThread "Unconstrained build operations Thread 48" [_thread_blocked, id=35932, stack(0x000000b1fd300000,0x000000b1fd400000)]
  0x000001d8503bcbe0 JavaThread "Unconstrained build operations Thread 49" [_thread_blocked, id=39332, stack(0x000000b1fd400000,0x000000b1fd500000)]
  0x000001d8503be530 JavaThread "Unconstrained build operations Thread 50" [_thread_blocked, id=38132, stack(0x000000b1fd500000,0x000000b1fd600000)]
  0x000001d8503bea40 JavaThread "Unconstrained build operations Thread 51" [_thread_blocked, id=49020, stack(0x000000b1fd600000,0x000000b1fd700000)]
  0x000001d8503bd0f0 JavaThread "Unconstrained build operations Thread 52" [_thread_blocked, id=11492, stack(0x000000b1fd700000,0x000000b1fd800000)]
  0x000001d8503bbcb0 JavaThread "Unconstrained build operations Thread 53" [_thread_blocked, id=20084, stack(0x000000b1fd800000,0x000000b1fd900000)]
  0x000001d8503bf970 JavaThread "Unconstrained build operations Thread 54" [_thread_blocked, id=48224, stack(0x000000b1fd900000,0x000000b1fda00000)]
  0x000001d852e6af70 JavaThread "Unconstrained build operations Thread 55" [_thread_blocked, id=35848, stack(0x000000b1fda00000,0x000000b1fdb00000)]
  0x000001d852e6aa60 JavaThread "Unconstrained build operations Thread 56" [_thread_blocked, id=18388, stack(0x000000b1fdb00000,0x000000b1fdc00000)]
  0x000001d852e6c8c0 JavaThread "Unconstrained build operations Thread 57" [_thread_blocked, id=45088, stack(0x000000b1fdc00000,0x000000b1fdd00000)]
  0x000001d852e6a550 JavaThread "Unconstrained build operations Thread 58" [_thread_blocked, id=45072, stack(0x000000b1fdd00000,0x000000b1fde00000)]
  0x000001d852e6b480 JavaThread "Unconstrained build operations Thread 59" [_thread_blocked, id=46608, stack(0x000000b1fde00000,0x000000b1fdf00000)]
  0x000001d852e6d2e0 JavaThread "Unconstrained build operations Thread 60" [_thread_blocked, id=44236, stack(0x000000b1fdf00000,0x000000b1fe000000)]
  0x000001d852e6bea0 JavaThread "Unconstrained build operations Thread 61" [_thread_blocked, id=33200, stack(0x000000b1fe000000,0x000000b1fe100000)]
  0x000001d852e6b990 JavaThread "Unconstrained build operations Thread 62" [_thread_blocked, id=32668, stack(0x000000b1fe100000,0x000000b1fe200000)]
  0x000001d852e6c3b0 JavaThread "Unconstrained build operations Thread 63" [_thread_blocked, id=49996, stack(0x000000b1fe200000,0x000000b1fe300000)]
  0x000001d852e6cdd0 JavaThread "Unconstrained build operations Thread 64" [_thread_blocked, id=34024, stack(0x000000b1fe300000,0x000000b1fe400000)]
  0x000001d852e6d7f0 JavaThread "Unconstrained build operations Thread 65" [_thread_blocked, id=40964, stack(0x000000b1fe400000,0x000000b1fe500000)]
  0x000001d852e6dd00 JavaThread "Unconstrained build operations Thread 66" [_thread_blocked, id=48804, stack(0x000000b1fe500000,0x000000b1fe600000)]
  0x000001d849118df0 JavaThread "Unconstrained build operations Thread 67" [_thread_blocked, id=17196, stack(0x000000b1fe600000,0x000000b1fe700000)]
  0x000001d849117ec0 JavaThread "Unconstrained build operations Thread 68" [_thread_blocked, id=41876, stack(0x000000b1fe700000,0x000000b1fe800000)]
  0x000001d849116060 JavaThread "Unconstrained build operations Thread 69" [_thread_blocked, id=12876, stack(0x000000b1fe800000,0x000000b1fe900000)]
  0x000001d849116570 JavaThread "Unconstrained build operations Thread 70" [_thread_blocked, id=38120, stack(0x000000b1fe900000,0x000000b1fea00000)]
  0x000001d849116a80 JavaThread "Unconstrained build operations Thread 71" [_thread_blocked, id=41380, stack(0x000000b1fea00000,0x000000b1feb00000)]
  0x000001d849116f90 JavaThread "Unconstrained build operations Thread 72" [_thread_blocked, id=45248, stack(0x000000b1feb00000,0x000000b1fec00000)]
  0x000001d8491183d0 JavaThread "jar transforms Thread 4" [_thread_blocked, id=40996, stack(0x000000b1fec00000,0x000000b1fed00000)]
  0x000001d849119300 JavaThread "jar transforms Thread 5" [_thread_blocked, id=45580, stack(0x000000b1fcf00000,0x000000b1fd000000)]
  0x000001d849119810 JavaThread "Unconstrained build operations Thread 73" [_thread_blocked, id=33328, stack(0x000000b1ff000000,0x000000b1ff100000)]
  0x000001d851c9de80 JavaThread "Unconstrained build operations Thread 74" [_thread_blocked, id=48920, stack(0x000000b1ff100000,0x000000b1ff200000)]
  0x000001d851c9edb0 JavaThread "Unconstrained build operations Thread 75" [_thread_blocked, id=47944, stack(0x000000b1ff200000,0x000000b1ff300000)]
  0x000001d84f1dec10 JavaThread "Unconstrained build operations Thread 76" [_thread_blocked, id=47368, stack(0x000000b1ff300000,0x000000b1ff400000)]
  0x000001d8493eca60 JavaThread "Unconstrained build operations Thread 77" [_thread_blocked, id=33992, stack(0x000000b1ff400000,0x000000b1ff500000)]
  0x000001d8493ed480 JavaThread "Unconstrained build operations Thread 78" [_thread_blocked, id=50252, stack(0x000000b1ff500000,0x000000b1ff600000)]
  0x000001d8493ee8c0 JavaThread "Unconstrained build operations Thread 79" [_thread_blocked, id=49424, stack(0x000000b1ff600000,0x000000b1ff700000)]
  0x000001d8493ed990 JavaThread "Unconstrained build operations Thread 80" [_thread_blocked, id=38760, stack(0x000000b1ff700000,0x000000b1ff800000)]
=>0x000001d852054ee0 JavaThread "C2 CompilerThread1" daemon [_thread_in_native, id=41992, stack(0x000000b1fed00000,0x000000b1fee00000)]
  0x000001d8493eedd0 JavaThread "jar transforms Thread 6" [_thread_in_native, id=29460, stack(0x000000b1ff800000,0x000000b1ff900000)]

Other Threads:
  0x000001d82d687820 VMThread "VM Thread" [stack: 0x000000b1f6000000,0x000000b1f6100000] [id=40828]
  0x000001d849218f10 WatcherThread [stack: 0x000000b1f6c00000,0x000000b1f6d00000] [id=22260]
  0x000001d80f0d1b30 GCTaskThread "GC Thread#0" [stack: 0x000000b1f5b00000,0x000000b1f5c00000] [id=31088]
  0x000001d849573b10 GCTaskThread "GC Thread#1" [stack: 0x000000b1f6e00000,0x000000b1f6f00000] [id=40724]
  0x000001d849936360 GCTaskThread "GC Thread#2" [stack: 0x000000b1f6f00000,0x000000b1f7000000] [id=40804]
  0x000001d849936620 GCTaskThread "GC Thread#3" [stack: 0x000000b1f7000000,0x000000b1f7100000] [id=11436]
  0x000001d8499368e0 GCTaskThread "GC Thread#4" [stack: 0x000000b1f7100000,0x000000b1f7200000] [id=21088]
  0x000001d8499d5010 GCTaskThread "GC Thread#5" [stack: 0x000000b1f7200000,0x000000b1f7300000] [id=27856]
  0x000001d8522dc9a0 GCTaskThread "GC Thread#6" [stack: 0x000000b1f8300000,0x000000b1f8400000] [id=37968]
  0x000001d8522db920 GCTaskThread "GC Thread#7" [stack: 0x000000b1f8400000,0x000000b1f8500000] [id=28392]
  0x000001d80f0e3660 ConcurrentGCThread "G1 Main Marker" [stack: 0x000000b1f5c00000,0x000000b1f5d00000] [id=48964]
  0x000001d80f0e4720 ConcurrentGCThread "G1 Conc#0" [stack: 0x000000b1f5d00000,0x000000b1f5e00000] [id=48812]
  0x000001d8522dbbe0 ConcurrentGCThread "G1 Conc#1" [stack: 0x000000b1f8500000,0x000000b1f8600000] [id=8628]
  0x000001d80f11e890 ConcurrentGCThread "G1 Refine#0" [stack: 0x000000b1f5e00000,0x000000b1f5f00000] [id=20432]
  0x000001d82d5bd190 ConcurrentGCThread "G1 Service" [stack: 0x000000b1f5f00000,0x000000b1f6000000] [id=26284]

Threads with active compile tasks:
C2 CompilerThread0    37313 11385       4       org.gradle.cache.internal.ExclusiveCacheAccessingWorker$$Lambda$474/0x000001d82f45b138::call (10 bytes)
C2 CompilerThread1    37313 11386       4       org.gradle.cache.internal.AsyncCacheAccessDecoratedCache$$Lambda$473/0x000001d82f45af18::get (12 bytes)

VM state: not at safepoint (normal execution)

VM Mutex/Monitor currently owned by a thread: None

Heap address: 0x0000000080000000, size: 2048 MB, Compressed Oops mode: 32-bit

CDS archive(s) mapped at: [0x000001d82e000000-0x000001d82ebd0000-0x000001d82ebd0000), size 12386304, SharedBaseAddress: 0x000001d82e000000, ArchiveRelocationMode: 1.
Compressed class space mapped at: 0x000001d82f000000-0x000001d849000000, reserved size: 436207616
Narrow klass base: 0x000001d82e000000, Narrow klass shift: 0, Narrow klass range: 0x100000000

GC Precious Log:
 CPUs: 8 total, 8 available
 Memory: 16167M
 Large Page Support: Disabled
 NUMA Support: Disabled
 Compressed Oops: Enabled (32-bit)
 Heap Region Size: 1M
 Heap Min Capacity: 8M
 Heap Initial Capacity: 254M
 Heap Max Capacity: 2G
 Pre-touch: Disabled
 Parallel Workers: 8
 Concurrent Workers: 2
 Concurrent Refinement Workers: 8
 Periodic GC: Disabled

Heap:
 garbage-first heap   total 190464K, used 124923K [0x0000000080000000, 0x0000000100000000)
  region size 1024K, 40 young (40960K), 6 survivors (6144K)
 Metaspace       used 72450K, committed 73408K, reserved 491520K
  class space    used 10231K, committed 10688K, reserved 425984K

Heap Regions: E=young(eden), S=young(survivor), O=old, HS=humongous(starts), HC=humongous(continues), CS=collection set, F=free, OA=open archive, CA=closed archive, TAMS=top-at-mark-start (previous, next)
|   0|0x0000000080000000, 0x0000000080100000, 0x0000000080100000|100%| O|  |TAMS 0x0000000080100000, 0x0000000080000000| Untracked 
|   1|0x0000000080100000, 0x0000000080200000, 0x0000000080200000|100%| O|  |TAMS 0x0000000080200000, 0x0000000080100000| Untracked 
|   2|0x0000000080200000, 0x0000000080300000, 0x0000000080300000|100%|HS|  |TAMS 0x0000000080300000, 0x0000000080200000| Complete 
|   3|0x0000000080300000, 0x0000000080400000, 0x0000000080400000|100%|HC|  |TAMS 0x0000000080400000, 0x0000000080300000| Complete 
|   4|0x0000000080400000, 0x0000000080500000, 0x0000000080500000|100%|HC|  |TAMS 0x0000000080500000, 0x0000000080400000| Complete 
|   5|0x0000000080500000, 0x0000000080600000, 0x0000000080600000|100%|HC|  |TAMS 0x0000000080600000, 0x0000000080500000| Complete 
|   6|0x0000000080600000, 0x0000000080700000, 0x0000000080700000|100%| O|  |TAMS 0x0000000080700000, 0x0000000080600000| Untracked 
|   7|0x0000000080700000, 0x0000000080800000, 0x0000000080800000|100%| O|  |TAMS 0x0000000080800000, 0x0000000080700000| Untracked 
|   8|0x0000000080800000, 0x0000000080900000, 0x0000000080900000|100%| O|  |TAMS 0x0000000080900000, 0x0000000080800000| Untracked 
|   9|0x0000000080900000, 0x0000000080a00000, 0x0000000080a00000|100%|HS|  |TAMS 0x0000000080a00000, 0x0000000080900000| Complete 
|  10|0x0000000080a00000, 0x0000000080b00000, 0x0000000080b00000|100%| O|  |TAMS 0x0000000080b00000, 0x0000000080a00000| Untracked 
|  11|0x0000000080b00000, 0x0000000080c00000, 0x0000000080c00000|100%| O|  |TAMS 0x0000000080c00000, 0x0000000080b00000| Untracked 
|  12|0x0000000080c00000, 0x0000000080d00000, 0x0000000080d00000|100%| O|  |TAMS 0x0000000080d00000, 0x0000000080c00000| Untracked 
|  13|0x0000000080d00000, 0x0000000080e00000, 0x0000000080e00000|100%| O|  |TAMS 0x0000000080e00000, 0x0000000080d00000| Untracked 
|  14|0x0000000080e00000, 0x0000000080f00000, 0x0000000080f00000|100%| O|  |TAMS 0x0000000080f00000, 0x0000000080e00000| Untracked 
|  15|0x0000000080f00000, 0x0000000081000000, 0x0000000081000000|100%| O|  |TAMS 0x0000000081000000, 0x0000000080f00000| Untracked 
|  16|0x0000000081000000, 0x0000000081100000, 0x0000000081100000|100%| O|  |TAMS 0x0000000081100000, 0x0000000081000000| Untracked 
|  17|0x0000000081100000, 0x0000000081200000, 0x0000000081200000|100%| O|  |TAMS 0x0000000081200000, 0x0000000081100000| Untracked 
|  18|0x0000000081200000, 0x0000000081300000, 0x0000000081300000|100%| O|  |TAMS 0x0000000081300000, 0x0000000081200000| Untracked 
|  19|0x0000000081300000, 0x0000000081400000, 0x0000000081400000|100%| O|  |TAMS 0x0000000081400000, 0x0000000081300000| Untracked 
|  20|0x0000000081400000, 0x0000000081500000, 0x0000000081500000|100%| O|  |TAMS 0x0000000081500000, 0x0000000081400000| Untracked 
|  21|0x0000000081500000, 0x0000000081600000, 0x0000000081600000|100%| O|  |TAMS 0x0000000081600000, 0x0000000081500000| Untracked 
|  22|0x0000000081600000, 0x0000000081700000, 0x0000000081700000|100%| O|  |TAMS 0x0000000081700000, 0x0000000081600000| Untracked 
|  23|0x0000000081700000, 0x0000000081800000, 0x0000000081800000|100%| O|  |TAMS 0x0000000081800000, 0x0000000081700000| Untracked 
|  24|0x0000000081800000, 0x0000000081900000, 0x0000000081900000|100%| O|  |TAMS 0x0000000081900000, 0x0000000081800000| Untracked 
|  25|0x0000000081900000, 0x0000000081a00000, 0x0000000081a00000|100%| O|  |TAMS 0x0000000081a00000, 0x0000000081900000| Untracked 
|  26|0x0000000081a00000, 0x0000000081b00000, 0x0000000081b00000|100%| O|  |TAMS 0x0000000081b00000, 0x0000000081a00000| Untracked 
|  27|0x0000000081b00000, 0x0000000081c00000, 0x0000000081c00000|100%| O|  |TAMS 0x0000000081c00000, 0x0000000081b00000| Untracked 
|  28|0x0000000081c00000, 0x0000000081d00000, 0x0000000081d00000|100%| O|  |TAMS 0x0000000081d00000, 0x0000000081c00000| Untracked 
|  29|0x0000000081d00000, 0x0000000081e00000, 0x0000000081e00000|100%| O|  |TAMS 0x0000000081e00000, 0x0000000081d00000| Untracked 
|  30|0x0000000081e00000, 0x0000000081f00000, 0x0000000081f00000|100%| O|  |TAMS 0x0000000081e00000, 0x0000000081e00000| Untracked 
|  31|0x0000000081f00000, 0x0000000082000000, 0x0000000082000000|100%| O|  |TAMS 0x0000000082000000, 0x0000000081f00000| Untracked 
|  32|0x0000000082000000, 0x0000000082100000, 0x0000000082100000|100%| O|  |TAMS 0x0000000082100000, 0x0000000082000000| Untracked 
|  33|0x0000000082100000, 0x0000000082200000, 0x0000000082200000|100%| O|  |TAMS 0x0000000082200000, 0x0000000082100000| Untracked 
|  34|0x0000000082200000, 0x0000000082300000, 0x0000000082300000|100%| O|  |TAMS 0x0000000082300000, 0x0000000082200000| Untracked 
|  35|0x0000000082300000, 0x0000000082400000, 0x0000000082400000|100%| O|  |TAMS 0x0000000082400000, 0x0000000082300000| Untracked 
|  36|0x0000000082400000, 0x0000000082500000, 0x0000000082500000|100%| O|  |TAMS 0x0000000082500000, 0x0000000082400000| Untracked 
|  37|0x0000000082500000, 0x0000000082600000, 0x0000000082600000|100%| O|  |TAMS 0x0000000082600000, 0x0000000082500000| Untracked 
|  38|0x0000000082600000, 0x0000000082700000, 0x0000000082700000|100%| O|  |TAMS 0x0000000082600000, 0x0000000082600000| Untracked 
|  39|0x0000000082700000, 0x0000000082800000, 0x0000000082800000|100%| O|  |TAMS 0x0000000082800000, 0x0000000082700000| Untracked 
|  40|0x0000000082800000, 0x0000000082900000, 0x0000000082900000|100%| O|  |TAMS 0x0000000082900000, 0x0000000082800000| Untracked 
|  41|0x0000000082900000, 0x0000000082a00000, 0x0000000082a00000|100%| O|  |TAMS 0x0000000082a00000, 0x0000000082900000| Untracked 
|  42|0x0000000082a00000, 0x0000000082b00000, 0x0000000082b00000|100%| O|  |TAMS 0x0000000082b00000, 0x0000000082a00000| Untracked 
|  43|0x0000000082b00000, 0x0000000082c00000, 0x0000000082c00000|100%| O|  |TAMS 0x0000000082c00000, 0x0000000082b00000| Untracked 
|  44|0x0000000082c00000, 0x0000000082d00000, 0x0000000082d00000|100%| O|  |TAMS 0x0000000082d00000, 0x0000000082c00000| Untracked 
|  45|0x0000000082d00000, 0x0000000082e00000, 0x0000000082e00000|100%| O|  |TAMS 0x0000000082e00000, 0x0000000082d00000| Untracked 
|  46|0x0000000082e00000, 0x0000000082f00000, 0x0000000082f00000|100%| O|  |TAMS 0x0000000082f00000, 0x0000000082e00000| Untracked 
|  47|0x0000000082f00000, 0x0000000083000000, 0x0000000083000000|100%| O|  |TAMS 0x0000000083000000, 0x0000000082f00000| Untracked 
|  48|0x0000000083000000, 0x0000000083100000, 0x0000000083100000|100%| O|  |TAMS 0x0000000083100000, 0x0000000083000000| Untracked 
|  49|0x0000000083100000, 0x0000000083200000, 0x0000000083200000|100%| O|  |TAMS 0x0000000083200000, 0x0000000083100000| Untracked 
|  50|0x0000000083200000, 0x0000000083300000, 0x0000000083300000|100%|HS|  |TAMS 0x0000000083300000, 0x0000000083200000| Complete 
|  51|0x0000000083300000, 0x0000000083400000, 0x0000000083400000|100%|HC|  |TAMS 0x0000000083400000, 0x0000000083300000| Complete 
|  52|0x0000000083400000, 0x0000000083500000, 0x0000000083500000|100%|HS|  |TAMS 0x0000000083500000, 0x0000000083400000| Complete 
|  53|0x0000000083500000, 0x0000000083600000, 0x0000000083600000|100%|HC|  |TAMS 0x0000000083600000, 0x0000000083500000| Complete 
|  54|0x0000000083600000, 0x0000000083700000, 0x0000000083700000|100%|HS|  |TAMS 0x0000000083700000, 0x0000000083600000| Complete 
|  55|0x0000000083700000, 0x0000000083800000, 0x0000000083800000|100%|HC|  |TAMS 0x0000000083800000, 0x0000000083700000| Complete 
|  56|0x0000000083800000, 0x0000000083900000, 0x0000000083900000|100%|HC|  |TAMS 0x0000000083900000, 0x0000000083800000| Complete 
|  57|0x0000000083900000, 0x0000000083a00000, 0x0000000083a00000|100%|HC|  |TAMS 0x0000000083a00000, 0x0000000083900000| Complete 
|  58|0x0000000083a00000, 0x0000000083b00000, 0x0000000083b00000|100%|HS|  |TAMS 0x0000000083b00000, 0x0000000083a00000| Complete 
|  59|0x0000000083b00000, 0x0000000083c00000, 0x0000000083c00000|100%|HC|  |TAMS 0x0000000083c00000, 0x0000000083b00000| Complete 
|  60|0x0000000083c00000, 0x0000000083d00000, 0x0000000083d00000|100%|HC|  |TAMS 0x0000000083d00000, 0x0000000083c00000| Complete 
|  61|0x0000000083d00000, 0x0000000083e00000, 0x0000000083e00000|100%|HC|  |TAMS 0x0000000083e00000, 0x0000000083d00000| Complete 
|  62|0x0000000083e00000, 0x0000000083f00000, 0x0000000083f00000|100%| O|  |TAMS 0x0000000083f00000, 0x0000000083e00000| Untracked 
|  63|0x0000000083f00000, 0x0000000084000000, 0x0000000084000000|100%| O|  |TAMS 0x0000000084000000, 0x0000000083f00000| Untracked 
|  64|0x0000000084000000, 0x0000000084100000, 0x0000000084100000|100%| O|  |TAMS 0x0000000084100000, 0x0000000084000000| Untracked 
|  65|0x0000000084100000, 0x0000000084200000, 0x0000000084200000|100%| O|  |TAMS 0x0000000084200000, 0x0000000084100000| Untracked 
|  66|0x0000000084200000, 0x0000000084300000, 0x0000000084300000|100%| O|  |TAMS 0x000000008428a000, 0x0000000084200000| Untracked 
|  67|0x0000000084300000, 0x0000000084400000, 0x0000000084400000|100%| O|  |TAMS 0x0000000084300000, 0x0000000084300000| Untracked 
|  68|0x0000000084400000, 0x0000000084500000, 0x0000000084500000|100%| O|  |TAMS 0x0000000084400000, 0x0000000084400000| Untracked 
|  69|0x0000000084500000, 0x0000000084600000, 0x0000000084600000|100%| O|  |TAMS 0x0000000084500000, 0x0000000084500000| Untracked 
|  70|0x0000000084600000, 0x0000000084700000, 0x0000000084700000|100%| O|  |TAMS 0x0000000084600000, 0x0000000084600000| Untracked 
|  71|0x0000000084700000, 0x0000000084800000, 0x0000000084800000|100%| O|  |TAMS 0x0000000084700000, 0x0000000084700000| Untracked 
|  72|0x0000000084800000, 0x0000000084900000, 0x0000000084900000|100%| O|  |TAMS 0x0000000084800000, 0x0000000084800000| Untracked 
|  73|0x0000000084900000, 0x0000000084a00000, 0x0000000084a00000|100%| O|  |TAMS 0x0000000084900000, 0x0000000084900000| Untracked 
|  74|0x0000000084a00000, 0x0000000084b00000, 0x0000000084b00000|100%| O|  |TAMS 0x0000000084a00000, 0x0000000084a00000| Untracked 
|  75|0x0000000084b00000, 0x0000000084c00000, 0x0000000084c00000|100%| O|  |TAMS 0x0000000084b00000, 0x0000000084b00000| Untracked 
|  76|0x0000000084c00000, 0x0000000084d00000, 0x0000000084d00000|100%| O|  |TAMS 0x0000000084c00000, 0x0000000084c00000| Untracked 
|  77|0x0000000084d00000, 0x0000000084e00000, 0x0000000084e00000|100%| O|  |TAMS 0x0000000084d00000, 0x0000000084d00000| Untracked 
|  78|0x0000000084e00000, 0x0000000084f00000, 0x0000000084f00000|100%| O|  |TAMS 0x0000000084e00000, 0x0000000084e00000| Untracked 
|  79|0x0000000084f00000, 0x0000000085000000, 0x0000000085000000|100%| O|  |TAMS 0x0000000084f00000, 0x0000000084f00000| Untracked 
|  80|0x0000000085000000, 0x0000000085100000, 0x0000000085100000|100%| O|  |TAMS 0x0000000085000000, 0x0000000085000000| Untracked 
|  81|0x0000000085100000, 0x0000000085200000, 0x0000000085200000|100%| O|  |TAMS 0x0000000085100000, 0x0000000085100000| Untracked 
|  82|0x0000000085200000, 0x0000000085300000, 0x0000000085300000|100%| O|  |TAMS 0x0000000085200000, 0x0000000085200000| Untracked 
|  83|0x0000000085300000, 0x0000000085349400, 0x0000000085400000| 28%| O|  |TAMS 0x0000000085300000, 0x0000000085300000| Untracked 
|  84|0x0000000085400000, 0x0000000085400000, 0x0000000085500000|  0%| F|  |TAMS 0x0000000085400000, 0x0000000085400000| Untracked 
|  85|0x0000000085500000, 0x0000000085500000, 0x0000000085600000|  0%| F|  |TAMS 0x0000000085500000, 0x0000000085500000| Untracked 
|  86|0x0000000085600000, 0x0000000085600000, 0x0000000085700000|  0%| F|  |TAMS 0x0000000085600000, 0x0000000085600000| Untracked 
|  87|0x0000000085700000, 0x0000000085700000, 0x0000000085800000|  0%| F|  |TAMS 0x0000000085700000, 0x0000000085700000| Untracked 
|  88|0x0000000085800000, 0x0000000085800000, 0x0000000085900000|  0%| F|  |TAMS 0x0000000085800000, 0x0000000085800000| Untracked 
|  89|0x0000000085900000, 0x0000000085900000, 0x0000000085a00000|  0%| F|  |TAMS 0x0000000085900000, 0x0000000085900000| Untracked 
|  90|0x0000000085a00000, 0x0000000085a00000, 0x0000000085b00000|  0%| F|  |TAMS 0x0000000085a00000, 0x0000000085a00000| Untracked 
|  91|0x0000000085b00000, 0x0000000085b00000, 0x0000000085c00000|  0%| F|  |TAMS 0x0000000085b00000, 0x0000000085b00000| Untracked 
|  92|0x0000000085c00000, 0x0000000085c00000, 0x0000000085d00000|  0%| F|  |TAMS 0x0000000085c00000, 0x0000000085c00000| Untracked 
|  93|0x0000000085d00000, 0x0000000085d00000, 0x0000000085e00000|  0%| F|  |TAMS 0x0000000085d00000, 0x0000000085d00000| Untracked 
|  94|0x0000000085e00000, 0x0000000085e00000, 0x0000000085f00000|  0%| F|  |TAMS 0x0000000085e00000, 0x0000000085e00000| Untracked 
|  95|0x0000000085f00000, 0x0000000085f00000, 0x0000000086000000|  0%| F|  |TAMS 0x0000000085f00000, 0x0000000085f00000| Untracked 
|  96|0x0000000086000000, 0x0000000086000000, 0x0000000086100000|  0%| F|  |TAMS 0x0000000086000000, 0x0000000086000000| Untracked 
|  97|0x0000000086100000, 0x0000000086100000, 0x0000000086200000|  0%| F|  |TAMS 0x0000000086100000, 0x0000000086100000| Untracked 
|  98|0x0000000086200000, 0x0000000086200000, 0x0000000086300000|  0%| F|  |TAMS 0x0000000086200000, 0x0000000086200000| Untracked 
|  99|0x0000000086300000, 0x0000000086300000, 0x0000000086400000|  0%| F|  |TAMS 0x0000000086300000, 0x0000000086300000| Untracked 
| 100|0x0000000086400000, 0x0000000086400000, 0x0000000086500000|  0%| F|  |TAMS 0x0000000086400000, 0x0000000086400000| Untracked 
| 101|0x0000000086500000, 0x0000000086500000, 0x0000000086600000|  0%| F|  |TAMS 0x0000000086500000, 0x0000000086500000| Untracked 
| 102|0x0000000086600000, 0x0000000086600000, 0x0000000086700000|  0%| F|  |TAMS 0x0000000086600000, 0x0000000086600000| Untracked 
| 103|0x0000000086700000, 0x0000000086700000, 0x0000000086800000|  0%| F|  |TAMS 0x0000000086700000, 0x0000000086700000| Untracked 
| 104|0x0000000086800000, 0x0000000086800000, 0x0000000086900000|  0%| F|  |TAMS 0x0000000086800000, 0x0000000086800000| Untracked 
| 105|0x0000000086900000, 0x0000000086900000, 0x0000000086a00000|  0%| F|  |TAMS 0x0000000086900000, 0x0000000086900000| Untracked 
| 106|0x0000000086a00000, 0x0000000086a00000, 0x0000000086b00000|  0%| F|  |TAMS 0x0000000086a00000, 0x0000000086a00000| Untracked 
| 107|0x0000000086b00000, 0x0000000086b00000, 0x0000000086c00000|  0%| F|  |TAMS 0x0000000086b00000, 0x0000000086b00000| Untracked 
| 108|0x0000000086c00000, 0x0000000086c00000, 0x0000000086d00000|  0%| F|  |TAMS 0x0000000086c00000, 0x0000000086c00000| Untracked 
| 109|0x0000000086d00000, 0x0000000086d00000, 0x0000000086e00000|  0%| F|  |TAMS 0x0000000086d00000, 0x0000000086d00000| Untracked 
| 110|0x0000000086e00000, 0x0000000086e00000, 0x0000000086f00000|  0%| F|  |TAMS 0x0000000086e00000, 0x0000000086e00000| Untracked 
| 111|0x0000000086f00000, 0x0000000086f00000, 0x0000000087000000|  0%| F|  |TAMS 0x0000000086f00000, 0x0000000086f00000| Untracked 
| 112|0x0000000087000000, 0x0000000087000000, 0x0000000087100000|  0%| F|  |TAMS 0x0000000087000000, 0x0000000087000000| Untracked 
| 113|0x0000000087100000, 0x0000000087100000, 0x0000000087200000|  0%| F|  |TAMS 0x0000000087100000, 0x0000000087100000| Untracked 
| 114|0x0000000087200000, 0x00000000872b5830, 0x0000000087300000| 70%| S|CS|TAMS 0x0000000087200000, 0x0000000087200000| Complete 
| 115|0x0000000087300000, 0x0000000087400000, 0x0000000087400000|100%| S|CS|TAMS 0x0000000087300000, 0x0000000087300000| Complete 
| 116|0x0000000087400000, 0x0000000087500000, 0x0000000087500000|100%| S|CS|TAMS 0x0000000087400000, 0x0000000087400000| Complete 
| 117|0x0000000087500000, 0x0000000087600000, 0x0000000087600000|100%| S|CS|TAMS 0x0000000087500000, 0x0000000087500000| Complete 
| 118|0x0000000087600000, 0x0000000087700000, 0x0000000087700000|100%| S|CS|TAMS 0x0000000087600000, 0x0000000087600000| Complete 
| 119|0x0000000087700000, 0x0000000087800000, 0x0000000087800000|100%| S|CS|TAMS 0x0000000087700000, 0x0000000087700000| Complete 
| 120|0x0000000087800000, 0x0000000087800000, 0x0000000087900000|  0%| F|  |TAMS 0x0000000087800000, 0x0000000087800000| Untracked 
| 121|0x0000000087900000, 0x0000000087900000, 0x0000000087a00000|  0%| F|  |TAMS 0x0000000087900000, 0x0000000087900000| Untracked 
| 122|0x0000000087a00000, 0x0000000087a00000, 0x0000000087b00000|  0%| F|  |TAMS 0x0000000087a00000, 0x0000000087a00000| Untracked 
| 123|0x0000000087b00000, 0x0000000087b00000, 0x0000000087c00000|  0%| F|  |TAMS 0x0000000087b00000, 0x0000000087b00000| Untracked 
| 124|0x0000000087c00000, 0x0000000087c00000, 0x0000000087d00000|  0%| F|  |TAMS 0x0000000087c00000, 0x0000000087c00000| Untracked 
| 125|0x0000000087d00000, 0x0000000087d00000, 0x0000000087e00000|  0%| F|  |TAMS 0x0000000087d00000, 0x0000000087d00000| Untracked 
| 126|0x0000000087e00000, 0x0000000087e00000, 0x0000000087f00000|  0%| F|  |TAMS 0x0000000087e00000, 0x0000000087e00000| Untracked 
| 127|0x0000000087f00000, 0x0000000087f00000, 0x0000000088000000|  0%| F|  |TAMS 0x0000000087f00000, 0x0000000087f00000| Untracked 
| 128|0x0000000088000000, 0x0000000088000000, 0x0000000088100000|  0%| F|  |TAMS 0x0000000088000000, 0x0000000088000000| Untracked 
| 129|0x0000000088100000, 0x0000000088100000, 0x0000000088200000|  0%| F|  |TAMS 0x0000000088100000, 0x0000000088100000| Untracked 
| 130|0x0000000088200000, 0x0000000088200000, 0x0000000088300000|  0%| F|  |TAMS 0x0000000088200000, 0x0000000088200000| Untracked 
| 131|0x0000000088300000, 0x0000000088300000, 0x0000000088400000|  0%| F|  |TAMS 0x0000000088300000, 0x0000000088300000| Untracked 
| 132|0x0000000088400000, 0x0000000088400000, 0x0000000088500000|  0%| F|  |TAMS 0x0000000088400000, 0x0000000088400000| Untracked 
| 133|0x0000000088500000, 0x0000000088500000, 0x0000000088600000|  0%| F|  |TAMS 0x0000000088500000, 0x0000000088500000| Untracked 
| 134|0x0000000088600000, 0x0000000088600000, 0x0000000088700000|  0%| F|  |TAMS 0x0000000088600000, 0x0000000088600000| Untracked 
| 135|0x0000000088700000, 0x0000000088700000, 0x0000000088800000|  0%| F|  |TAMS 0x0000000088700000, 0x0000000088700000| Untracked 
| 136|0x0000000088800000, 0x0000000088800000, 0x0000000088900000|  0%| F|  |TAMS 0x0000000088800000, 0x0000000088800000| Untracked 
| 137|0x0000000088900000, 0x0000000088900000, 0x0000000088a00000|  0%| F|  |TAMS 0x0000000088900000, 0x0000000088900000| Untracked 
| 138|0x0000000088a00000, 0x0000000088a00000, 0x0000000088b00000|  0%| F|  |TAMS 0x0000000088a00000, 0x0000000088a00000| Untracked 
| 139|0x0000000088b00000, 0x0000000088b00000, 0x0000000088c00000|  0%| F|  |TAMS 0x0000000088b00000, 0x0000000088b00000| Untracked 
| 140|0x0000000088c00000, 0x0000000088c00000, 0x0000000088d00000|  0%| F|  |TAMS 0x0000000088c00000, 0x0000000088c00000| Untracked 
| 141|0x0000000088d00000, 0x0000000088d00000, 0x0000000088e00000|  0%| F|  |TAMS 0x0000000088d00000, 0x0000000088d00000| Untracked 
| 142|0x0000000088e00000, 0x0000000088e00000, 0x0000000088f00000|  0%| F|  |TAMS 0x0000000088e00000, 0x0000000088e00000| Untracked 
| 143|0x0000000088f00000, 0x0000000088f00000, 0x0000000089000000|  0%| F|  |TAMS 0x0000000088f00000, 0x0000000088f00000| Untracked 
| 144|0x0000000089000000, 0x0000000089000000, 0x0000000089100000|  0%| F|  |TAMS 0x0000000089000000, 0x0000000089000000| Untracked 
| 145|0x0000000089100000, 0x0000000089100000, 0x0000000089200000|  0%| F|  |TAMS 0x0000000089100000, 0x0000000089100000| Untracked 
| 146|0x0000000089200000, 0x0000000089200000, 0x0000000089300000|  0%| F|  |TAMS 0x0000000089200000, 0x0000000089200000| Untracked 
| 147|0x0000000089300000, 0x0000000089300000, 0x0000000089400000|  0%| F|  |TAMS 0x0000000089300000, 0x0000000089300000| Untracked 
| 148|0x0000000089400000, 0x0000000089400000, 0x0000000089500000|  0%| F|  |TAMS 0x0000000089400000, 0x0000000089400000| Untracked 
| 149|0x0000000089500000, 0x0000000089500000, 0x0000000089600000|  0%| F|  |TAMS 0x0000000089500000, 0x0000000089500000| Untracked 
| 150|0x0000000089600000, 0x0000000089600000, 0x0000000089700000|  0%| F|  |TAMS 0x0000000089600000, 0x0000000089600000| Untracked 
| 151|0x0000000089700000, 0x0000000089700000, 0x0000000089800000|  0%| F|  |TAMS 0x0000000089700000, 0x0000000089700000| Untracked 
| 152|0x0000000089800000, 0x00000000898ac0d8, 0x0000000089900000| 67%| E|  |TAMS 0x0000000089800000, 0x0000000089800000| Complete 
| 153|0x0000000089900000, 0x0000000089a00000, 0x0000000089a00000|100%| E|CS|TAMS 0x0000000089900000, 0x0000000089900000| Complete 
| 154|0x0000000089a00000, 0x0000000089b00000, 0x0000000089b00000|100%| E|CS|TAMS 0x0000000089a00000, 0x0000000089a00000| Complete 
| 155|0x0000000089b00000, 0x0000000089c00000, 0x0000000089c00000|100%| E|CS|TAMS 0x0000000089b00000, 0x0000000089b00000| Complete 
| 156|0x0000000089c00000, 0x0000000089d00000, 0x0000000089d00000|100%| E|CS|TAMS 0x0000000089c00000, 0x0000000089c00000| Complete 
| 157|0x0000000089d00000, 0x0000000089e00000, 0x0000000089e00000|100%| E|CS|TAMS 0x0000000089d00000, 0x0000000089d00000| Complete 
| 158|0x0000000089e00000, 0x0000000089f00000, 0x0000000089f00000|100%| E|CS|TAMS 0x0000000089e00000, 0x0000000089e00000| Complete 
| 159|0x0000000089f00000, 0x000000008a000000, 0x000000008a000000|100%| E|CS|TAMS 0x0000000089f00000, 0x0000000089f00000| Complete 
| 160|0x000000008a000000, 0x000000008a100000, 0x000000008a100000|100%| E|CS|TAMS 0x000000008a000000, 0x000000008a000000| Complete 
| 161|0x000000008a100000, 0x000000008a200000, 0x000000008a200000|100%| E|CS|TAMS 0x000000008a100000, 0x000000008a100000| Complete 
| 162|0x000000008a200000, 0x000000008a300000, 0x000000008a300000|100%| E|CS|TAMS 0x000000008a200000, 0x000000008a200000| Complete 
| 163|0x000000008a300000, 0x000000008a400000, 0x000000008a400000|100%| E|CS|TAMS 0x000000008a300000, 0x000000008a300000| Complete 
| 164|0x000000008a400000, 0x000000008a500000, 0x000000008a500000|100%| E|CS|TAMS 0x000000008a400000, 0x000000008a400000| Complete 
| 165|0x000000008a500000, 0x000000008a600000, 0x000000008a600000|100%| E|CS|TAMS 0x000000008a500000, 0x000000008a500000| Complete 
| 166|0x000000008a600000, 0x000000008a700000, 0x000000008a700000|100%| E|CS|TAMS 0x000000008a600000, 0x000000008a600000| Complete 
| 167|0x000000008a700000, 0x000000008a800000, 0x000000008a800000|100%| E|CS|TAMS 0x000000008a700000, 0x000000008a700000| Complete 
| 168|0x000000008a800000, 0x000000008a900000, 0x000000008a900000|100%| E|CS|TAMS 0x000000008a800000, 0x000000008a800000| Complete 
| 169|0x000000008a900000, 0x000000008aa00000, 0x000000008aa00000|100%| E|CS|TAMS 0x000000008a900000, 0x000000008a900000| Complete 
| 170|0x000000008aa00000, 0x000000008ab00000, 0x000000008ab00000|100%| E|CS|TAMS 0x000000008aa00000, 0x000000008aa00000| Complete 
| 171|0x000000008ab00000, 0x000000008ac00000, 0x000000008ac00000|100%| E|CS|TAMS 0x000000008ab00000, 0x000000008ab00000| Complete 
| 172|0x000000008ac00000, 0x000000008ad00000, 0x000000008ad00000|100%| E|CS|TAMS 0x000000008ac00000, 0x000000008ac00000| Complete 
| 173|0x000000008ad00000, 0x000000008ae00000, 0x000000008ae00000|100%| E|CS|TAMS 0x000000008ad00000, 0x000000008ad00000| Complete 
| 174|0x000000008ae00000, 0x000000008af00000, 0x000000008af00000|100%| E|CS|TAMS 0x000000008ae00000, 0x000000008ae00000| Complete 
| 175|0x000000008af00000, 0x000000008b000000, 0x000000008b000000|100%| E|CS|TAMS 0x000000008af00000, 0x000000008af00000| Complete 
| 176|0x000000008b000000, 0x000000008b100000, 0x000000008b100000|100%| E|CS|TAMS 0x000000008b000000, 0x000000008b000000| Complete 
| 177|0x000000008b100000, 0x000000008b200000, 0x000000008b200000|100%| E|CS|TAMS 0x000000008b100000, 0x000000008b100000| Complete 
| 178|0x000000008b200000, 0x000000008b300000, 0x000000008b300000|100%| E|CS|TAMS 0x000000008b200000, 0x000000008b200000| Complete 
| 179|0x000000008b300000, 0x000000008b400000, 0x000000008b400000|100%| E|CS|TAMS 0x000000008b300000, 0x000000008b300000| Complete 
| 180|0x000000008b400000, 0x000000008b500000, 0x000000008b500000|100%| E|CS|TAMS 0x000000008b400000, 0x000000008b400000| Complete 
| 181|0x000000008b500000, 0x000000008b600000, 0x000000008b600000|100%| E|CS|TAMS 0x000000008b500000, 0x000000008b500000| Complete 
| 182|0x000000008b600000, 0x000000008b700000, 0x000000008b700000|100%| E|CS|TAMS 0x000000008b600000, 0x000000008b600000| Complete 
| 183|0x000000008b700000, 0x000000008b800000, 0x000000008b800000|100%| E|CS|TAMS 0x000000008b700000, 0x000000008b700000| Complete 
| 184|0x000000008b800000, 0x000000008b900000, 0x000000008b900000|100%| E|CS|TAMS 0x000000008b800000, 0x000000008b800000| Complete 
| 253|0x000000008fd00000, 0x000000008fe00000, 0x000000008fe00000|100%| E|CS|TAMS 0x000000008fd00000, 0x000000008fd00000| Complete 

Card table byte_map: [0x000001d826a40000,0x000001d826e40000] _byte_map_base: 0x000001d826640000

Marking Bits (Prev, Next): (CMBitMap*) 0x000001d80f0d2060, (CMBitMap*) 0x000001d80f0d20a0
 Prev Bits: [0x000001d827240000, 0x000001d829240000)
 Next Bits: [0x000001d829240000, 0x000001d82b240000)

Polling page: 0x000001d80d730000

Metaspace:

Usage:
  Non-class:     60.76 MB used.
      Class:      9.99 MB used.
       Both:     70.75 MB used.

Virtual space:
  Non-class space:       64.00 MB reserved,      61.25 MB ( 96%) committed,  1 nodes.
      Class space:      416.00 MB reserved,      10.44 MB (  3%) committed,  1 nodes.
             Both:      480.00 MB reserved,      71.69 MB ( 15%) committed. 

Chunk freelists:
   Non-Class:  2.64 MB
       Class:  5.56 MB
        Both:  8.20 MB

MaxMetaspaceSize: 512.00 MB
CompressedClassSpaceSize: 416.00 MB
Initial GC threshold: 21.00 MB
Current GC threshold: 103.56 MB
CDS: on
MetaspaceReclaimPolicy: balanced
 - commit_granule_bytes: 65536.
 - commit_granule_words: 8192.
 - virtual_space_node_default_size: 8388608.
 - enlarge_chunks_in_place: 1.
 - new_chunks_are_fully_committed: 0.
 - uncommit_free_chunks: 1.
 - use_allocation_guard: 0.
 - handle_deallocations: 1.


Internal statistics:

num_allocs_failed_limit: 6.
num_arena_births: 1166.
num_arena_deaths: 0.
num_vsnodes_births: 2.
num_vsnodes_deaths: 0.
num_space_committed: 1147.
num_space_uncommitted: 0.
num_chunks_returned_to_freelist: 6.
num_chunks_taken_from_freelist: 4438.
num_chunk_merges: 6.
num_chunk_splits: 2777.
num_chunks_enlarged: 1707.
num_inconsistent_stats: 0.

CodeHeap 'non-profiled nmethods': size=120000Kb used=6026Kb max_used=6026Kb free=113973Kb
 bounds [0x000001d81e6b0000, 0x000001d81eca0000, 0x000001d825be0000]
CodeHeap 'profiled nmethods': size=120000Kb used=18356Kb max_used=18356Kb free=101643Kb
 bounds [0x000001d816be0000, 0x000001d817de0000, 0x000001d81e110000]
CodeHeap 'non-nmethods': size=5760Kb used=2393Kb max_used=2441Kb free=3366Kb
 bounds [0x000001d81e110000, 0x000001d81e390000, 0x000001d81e6b0000]
 total_blobs=10713 nmethods=9803 adapters=822
 compilation: enabled
              stopped_count=0, restarted_count=0
 full_count=0

Compilation events (20 events):
Event: 37.040 Thread 0x000001d852054ee0 nmethod 11378 0x000001d81ec92690 code [0x000001d81ec92800, 0x000001d81ec92878]
Event: 37.040 Thread 0x000001d82d6bad50 nmethod 11376 0x000001d817dcef90 code [0x000001d817dcf180, 0x000001d817dcf7f8]
Event: 37.040 Thread 0x000001d82d6bad50 11377       3       org.gradle.api.internal.initialization.transform.utils.InstrumentationClasspathMerger$ClassPathTransformedArtifact::<init> (15 bytes)
Event: 37.040 Thread 0x000001d82d6bad50 nmethod 11377 0x000001d817dcfa90 code [0x000001d817dcfc40, 0x000001d817dcfe58]
Event: 37.040 Thread 0x000001d82d6bad50 11379       3       org.gradle.api.internal.initialization.transform.utils.InstrumentationClasspathMerger$$Lambda$972/0x000001d82f653758::compare (16 bytes)
Event: 37.041 Thread 0x000001d82d6bad50 nmethod 11379 0x000001d817dcff10 code [0x000001d817dd00e0, 0x000001d817dd0548]
Event: 37.041 Thread 0x000001d82d6bad50 11380       3       org.gradle.api.internal.initialization.transform.utils.InstrumentationClasspathMerger::lambda$mergeToClasspath$1 (13 bytes)
Event: 37.041 Thread 0x000001d82d6bad50 nmethod 11380 0x000001d817dd0710 code [0x000001d817dd08c0, 0x000001d817dd0aa8]
Event: 37.041 Thread 0x000001d82d6bad50 11381       3       com.google.common.collect.ExplicitOrdering::compare (12 bytes)
Event: 37.042 Thread 0x000001d82d6bad50 nmethod 11381 0x000001d817dd0c10 code [0x000001d817dd0e20, 0x000001d817dd15f8]
Event: 37.042 Thread 0x000001d82d6bad50 11382       3       org.gradle.api.internal.initialization.transform.utils.InstrumentationClasspathMerger$$Lambda$973/0x000001d82f6539f0::apply (8 bytes)
Event: 37.042 Thread 0x000001d82d6bad50 nmethod 11382 0x000001d817dd1890 code [0x000001d817dd1a40, 0x000001d817dd1cb8]
Event: 37.042 Thread 0x000001d82d6bad50 11383       3       org.gradle.api.internal.initialization.transform.utils.InstrumentationClasspathMerger::lambda$mergeToClasspath$2 (5 bytes)
Event: 37.042 Thread 0x000001d82d6bad50 nmethod 11383 0x000001d817dd1e10 code [0x000001d817dd1fa0, 0x000001d817dd2098]
Event: 37.042 Thread 0x000001d82d6bad50 11384       3       org.gradle.internal.classpath.TransformedClassPath$FileMarker::of (25 bytes)
Event: 37.043 Thread 0x000001d82d6bad50 nmethod 11384 0x000001d817dd2190 code [0x000001d817dd2340, 0x000001d817dd2628]
Event: 37.049 Thread 0x000001d82d6af600 11385       4       org.gradle.cache.internal.ExclusiveCacheAccessingWorker$$Lambda$474/0x000001d82f45b138::call (10 bytes)
Event: 37.050 Thread 0x000001d852054ee0 11386       4       org.gradle.cache.internal.AsyncCacheAccessDecoratedCache$$Lambda$473/0x000001d82f45af18::get (12 bytes)
Event: 37.125 Thread 0x000001d82d6bad50 11389       3       com.google.common.collect.AbstractMapEntry::hashCode (36 bytes)
Event: 37.126 Thread 0x000001d82d6bad50 nmethod 11389 0x000001d817dd2790 code [0x000001d817dd2960, 0x000001d817dd2cf8]

GC Heap History (20 events):
Event: 21.742 GC heap before
{Heap before GC invocations=23 (full 0):
 garbage-first heap   total 99328K, used 80874K [0x0000000080000000, 0x0000000100000000)
  region size 1024K, 17 young (17408K), 1 survivors (1024K)
 Metaspace       used 60056K, committed 60736K, reserved 491520K
  class space    used 8520K, committed 8832K, reserved 425984K
}
Event: 21.744 GC heap after
{Heap after GC invocations=24 (full 0):
 garbage-first heap   total 99328K, used 66411K [0x0000000080000000, 0x0000000100000000)
  region size 1024K, 2 young (2048K), 2 survivors (2048K)
 Metaspace       used 60056K, committed 60736K, reserved 491520K
  class space    used 8520K, committed 8832K, reserved 425984K
}
Event: 22.108 GC heap before
{Heap before GC invocations=25 (full 0):
 garbage-first heap   total 119808K, used 80747K [0x0000000080000000, 0x0000000100000000)
  region size 1024K, 16 young (16384K), 2 survivors (2048K)
 Metaspace       used 60924K, committed 61632K, reserved 491520K
  class space    used 8640K, committed 8960K, reserved 425984K
}
Event: 22.112 GC heap after
{Heap after GC invocations=26 (full 0):
 garbage-first heap   total 119808K, used 67563K [0x0000000080000000, 0x0000000100000000)
  region size 1024K, 2 young (2048K), 2 survivors (2048K)
 Metaspace       used 60924K, committed 61632K, reserved 491520K
  class space    used 8640K, committed 8960K, reserved 425984K
}
Event: 22.289 GC heap before
{Heap before GC invocations=26 (full 0):
 garbage-first heap   total 119808K, used 69611K [0x0000000080000000, 0x0000000100000000)
  region size 1024K, 5 young (5120K), 2 survivors (2048K)
 Metaspace       used 61094K, committed 61760K, reserved 491520K
  class space    used 8665K, committed 8960K, reserved 425984K
}
Event: 22.297 GC heap after
{Heap after GC invocations=27 (full 0):
 garbage-first heap   total 119808K, used 67381K [0x0000000080000000, 0x0000000100000000)
  region size 1024K, 1 young (1024K), 1 survivors (1024K)
 Metaspace       used 61094K, committed 61760K, reserved 491520K
  class space    used 8665K, committed 8960K, reserved 425984K
}
Event: 23.144 GC heap before
{Heap before GC invocations=27 (full 0):
 garbage-first heap   total 119808K, used 97077K [0x0000000080000000, 0x0000000100000000)
  region size 1024K, 31 young (31744K), 1 survivors (1024K)
 Metaspace       used 62823K, committed 63488K, reserved 491520K
  class space    used 8891K, committed 9216K, reserved 425984K
}
Event: 23.150 GC heap after
{Heap after GC invocations=28 (full 0):
 garbage-first heap   total 190464K, used 68057K [0x0000000080000000, 0x0000000100000000)
  region size 1024K, 1 young (1024K), 1 survivors (1024K)
 Metaspace       used 62823K, committed 63488K, reserved 491520K
  class space    used 8891K, committed 9216K, reserved 425984K
}
Event: 27.780 GC heap before
{Heap before GC invocations=29 (full 0):
 garbage-first heap   total 190464K, used 151001K [0x0000000080000000, 0x0000000100000000)
  region size 1024K, 82 young (83968K), 1 survivors (1024K)
 Metaspace       used 66222K, committed 67008K, reserved 491520K
  class space    used 9375K, committed 9728K, reserved 425984K
}
Event: 27.798 GC heap after
{Heap after GC invocations=30 (full 0):
 garbage-first heap   total 190464K, used 74935K [0x0000000080000000, 0x0000000100000000)
  region size 1024K, 8 young (8192K), 8 survivors (8192K)
 Metaspace       used 66222K, committed 67008K, reserved 491520K
  class space    used 9375K, committed 9728K, reserved 425984K
}
Event: 27.819 GC heap before
{Heap before GC invocations=30 (full 0):
 garbage-first heap   total 190464K, used 75959K [0x0000000080000000, 0x0000000100000000)
  region size 1024K, 9 young (9216K), 8 survivors (8192K)
 Metaspace       used 66306K, committed 67136K, reserved 491520K
  class space    used 9381K, committed 9728K, reserved 425984K
}
Event: 27.831 GC heap after
{Heap after GC invocations=31 (full 0):
 garbage-first heap   total 190464K, used 74799K [0x0000000080000000, 0x0000000100000000)
  region size 1024K, 1 young (1024K), 1 survivors (1024K)
 Metaspace       used 66306K, committed 67136K, reserved 491520K
  class space    used 9381K, committed 9728K, reserved 425984K
}
Event: 32.669 GC heap before
{Heap before GC invocations=31 (full 0):
 garbage-first heap   total 190464K, used 150575K [0x0000000080000000, 0x0000000100000000)
  region size 1024K, 76 young (77824K), 1 survivors (1024K)
 Metaspace       used 70537K, committed 71424K, reserved 491520K
  class space    used 10057K, committed 10496K, reserved 425984K
}
Event: 32.684 GC heap after
{Heap after GC invocations=32 (full 0):
 garbage-first heap   total 190464K, used 81587K [0x0000000080000000, 0x0000000100000000)
  region size 1024K, 8 young (8192K), 8 survivors (8192K)
 Metaspace       used 70537K, committed 71424K, reserved 491520K
  class space    used 10057K, committed 10496K, reserved 425984K
}
Event: 35.478 GC heap before
{Heap before GC invocations=32 (full 0):
 garbage-first heap   total 190464K, used 151219K [0x0000000080000000, 0x0000000100000000)
  region size 1024K, 76 young (77824K), 8 survivors (8192K)
 Metaspace       used 72329K, committed 73280K, reserved 491520K
  class space    used 10230K, committed 10688K, reserved 425984K
}
Event: 35.497 GC heap after
{Heap after GC invocations=33 (full 0):
 garbage-first heap   total 190464K, used 88052K [0x0000000080000000, 0x0000000100000000)
  region size 1024K, 9 young (9216K), 9 survivors (9216K)
 Metaspace       used 72329K, committed 73280K, reserved 491520K
  class space    used 10230K, committed 10688K, reserved 425984K
}
Event: 36.354 GC heap before
{Heap before GC invocations=33 (full 0):
 garbage-first heap   total 190464K, used 149492K [0x0000000080000000, 0x0000000100000000)
  region size 1024K, 70 young (71680K), 9 survivors (9216K)
 Metaspace       used 72436K, committed 73408K, reserved 491520K
  class space    used 10231K, committed 10688K, reserved 425984K
}
Event: 36.369 GC heap after
{Heap after GC invocations=34 (full 0):
 garbage-first heap   total 190464K, used 89944K [0x0000000080000000, 0x0000000100000000)
  region size 1024K, 5 young (5120K), 5 survivors (5120K)
 Metaspace       used 72436K, committed 73408K, reserved 491520K
  class space    used 10231K, committed 10688K, reserved 425984K
}
Event: 36.780 GC heap before
{Heap before GC invocations=34 (full 0):
 garbage-first heap   total 190464K, used 151384K [0x0000000080000000, 0x0000000100000000)
  region size 1024K, 66 young (67584K), 5 survivors (5120K)
 Metaspace       used 72442K, committed 73408K, reserved 491520K
  class space    used 10231K, committed 10688K, reserved 425984K
}
Event: 36.788 GC heap after
{Heap after GC invocations=35 (full 0):
 garbage-first heap   total 190464K, used 91131K [0x0000000080000000, 0x0000000100000000)
  region size 1024K, 6 young (6144K), 6 survivors (6144K)
 Metaspace       used 72442K, committed 73408K, reserved 491520K
  class space    used 10231K, committed 10688K, reserved 425984K
}

Dll operation events (14 events):
Event: 0.018 Loaded shared library C:\Program Files\Microsoft\jdk-17.0.8.7-hotspot\bin\java.dll
Event: 0.062 Loaded shared library C:\Program Files\Microsoft\jdk-17.0.8.7-hotspot\bin\jsvml.dll
Event: 0.225 Loaded shared library C:\Program Files\Microsoft\jdk-17.0.8.7-hotspot\bin\zip.dll
Event: 0.229 Loaded shared library C:\Program Files\Microsoft\jdk-17.0.8.7-hotspot\bin\instrument.dll
Event: 0.237 Loaded shared library C:\Program Files\Microsoft\jdk-17.0.8.7-hotspot\bin\net.dll
Event: 0.240 Loaded shared library C:\Program Files\Microsoft\jdk-17.0.8.7-hotspot\bin\nio.dll
Event: 0.244 Loaded shared library C:\Program Files\Microsoft\jdk-17.0.8.7-hotspot\bin\zip.dll
Event: 1.137 Loaded shared library C:\Program Files\Microsoft\jdk-17.0.8.7-hotspot\bin\jimage.dll
Event: 1.710 Loaded shared library C:\Program Files\Microsoft\jdk-17.0.8.7-hotspot\bin\verify.dll
Event: 2.032 Loaded shared library C:\Users\Lenovo\.gradle\native\c067742578af261105cb4f569cf0c3c89f3d7b1fecec35dd04571415982c5e48\windows-amd64\native-platform.dll
Event: 2.042 Loaded shared library C:\Users\Lenovo\.gradle\native\100fb08df4bc3b14c8652ba06237920a3bd2aa13389f12d3474272988ae205f9\windows-amd64\native-platform-file-events.dll
Event: 4.519 Loaded shared library C:\Program Files\Microsoft\jdk-17.0.8.7-hotspot\bin\management.dll
Event: 4.524 Loaded shared library C:\Program Files\Microsoft\jdk-17.0.8.7-hotspot\bin\management_ext.dll
Event: 5.426 Loaded shared library C:\Program Files\Microsoft\jdk-17.0.8.7-hotspot\bin\sunmscapi.dll

Deoptimization events (20 events):
Event: 36.658 Thread 0x000001d8525651b0 DEOPT PACKING pc=0x000001d81ec7107c sp=0x000000b1fa9fd360
Event: 36.658 Thread 0x000001d8525651b0 DEOPT UNPACKING pc=0x000001d81e16a1a3 sp=0x000000b1fa9fd220 mode 2
Event: 37.037 Thread 0x000001d84e5416b0 Uncommon trap: trap_request=0xffffffd6 fr.pc=0x000001d81ec91584 relative=0x00000000000018c4
Event: 37.037 Thread 0x000001d84e5416b0 Uncommon trap: reason=array_check action=maybe_recompile pc=0x000001d81ec91584 method=java.util.TimSort.reverseRange([Ljava/lang/Object;II)V @ 20 c2
Event: 37.037 Thread 0x000001d84e5416b0 DEOPT PACKING pc=0x000001d81ec91584 sp=0x000000b1f78f75f0
Event: 37.037 Thread 0x000001d84e5416b0 DEOPT UNPACKING pc=0x000001d81e16a1a3 sp=0x000000b1f78f7430 mode 2
Event: 37.037 Thread 0x000001d84e5416b0 Uncommon trap: trap_request=0xffffffd6 fr.pc=0x000001d81ec91584 relative=0x00000000000018c4
Event: 37.037 Thread 0x000001d84e5416b0 Uncommon trap: reason=array_check action=maybe_recompile pc=0x000001d81ec91584 method=java.util.TimSort.reverseRange([Ljava/lang/Object;II)V @ 20 c2
Event: 37.037 Thread 0x000001d84e5416b0 DEOPT PACKING pc=0x000001d81ec91584 sp=0x000000b1f78f75f0
Event: 37.037 Thread 0x000001d84e5416b0 DEOPT UNPACKING pc=0x000001d81e16a1a3 sp=0x000000b1f78f7430 mode 2
Event: 37.086 Thread 0x000001d84e5416b0 DEOPT PACKING pc=0x000001d816f8b359 sp=0x000000b1f78f8ef0
Event: 37.086 Thread 0x000001d84e5416b0 DEOPT UNPACKING pc=0x000001d81e16ace3 sp=0x000000b1f78f83e8 mode 0
Event: 37.093 Thread 0x000001d84e5416b0 DEOPT PACKING pc=0x000001d816f8b359 sp=0x000000b1f78f8ef0
Event: 37.093 Thread 0x000001d84e5416b0 DEOPT UNPACKING pc=0x000001d81e16ace3 sp=0x000000b1f78f83e8 mode 0
Event: 37.120 Thread 0x000001d84e5416b0 DEOPT PACKING pc=0x000001d816f8b359 sp=0x000000b1f78f8ef0
Event: 37.120 Thread 0x000001d84e5416b0 DEOPT UNPACKING pc=0x000001d81e16ace3 sp=0x000000b1f78f83e8 mode 0
Event: 37.126 Thread 0x000001d84e5416b0 Uncommon trap: trap_request=0xffffffd6 fr.pc=0x000001d81ec91584 relative=0x00000000000018c4
Event: 37.126 Thread 0x000001d84e5416b0 Uncommon trap: reason=array_check action=maybe_recompile pc=0x000001d81ec91584 method=java.util.TimSort.reverseRange([Ljava/lang/Object;II)V @ 20 c2
Event: 37.126 Thread 0x000001d84e5416b0 DEOPT PACKING pc=0x000001d81ec91584 sp=0x000000b1f78f8d40
Event: 37.126 Thread 0x000001d84e5416b0 DEOPT UNPACKING pc=0x000001d81e16a1a3 sp=0x000000b1f78f8b80 mode 2

Classes unloaded (0 events):
No events

Classes redefined (0 events):
No events

Internal exceptions (20 events):
Event: 33.933 Thread 0x000001d84e5416b0 Exception <a 'java/lang/ClassNotFoundException'{0x0000000089f5bc28}: org/gradle/api/internal/initialization/DefaultScriptHandlerCustomizer> (0x0000000089f5bc28) 
thrown [s\src\hotspot\share\classfile\systemDictionary.cpp, line 256]
Event: 33.936 Thread 0x000001d84e5416b0 Exception <a 'java/lang/ClassNotFoundException'{0x0000000089f7a490}: org/gradle/api/internal/initialization/DefaultScriptHandler_DecoratedCustomizer> (0x0000000089f7a490) 
thrown [s\src\hotspot\share\classfile\systemDictionary.cpp, line 256]
Event: 34.013 Thread 0x000001d84e5416b0 Exception <a 'java/lang/ClassNotFoundException'{0x0000000089b8a500}: org/gradle/api/internal/artifacts/dsl/DefaultRepositoryHandler_DecoratedBeanInfo> (0x0000000089b8a500) 
thrown [s\src\hotspot\share\classfile\systemDictionary.cpp, line 256]
Event: 34.014 Thread 0x000001d84e5416b0 Exception <a 'java/lang/ClassNotFoundException'{0x0000000089ba1df0}: org/gradle/api/internal/artifacts/dsl/DefaultRepositoryHandlerBeanInfo> (0x0000000089ba1df0) 
thrown [s\src\hotspot\share\classfile\systemDictionary.cpp, line 256]
Event: 34.016 Thread 0x000001d84e5416b0 Exception <a 'java/lang/ClassNotFoundException'{0x0000000089bba390}: org/gradle/api/internal/artifacts/DefaultArtifactRepositoryContainerBeanInfo> (0x0000000089bba390) 
thrown [s\src\hotspot\share\classfile\systemDictionary.cpp, line 256]
Event: 34.017 Thread 0x000001d84e5416b0 Exception <a 'java/lang/ClassNotFoundException'{0x0000000089bcfcc0}: org/gradle/api/internal/DefaultNamedDomainObjectListBeanInfo> (0x0000000089bcfcc0) 
thrown [s\src\hotspot\share\classfile\systemDictionary.cpp, line 256]
Event: 34.018 Thread 0x000001d84e5416b0 Exception <a 'java/lang/ClassNotFoundException'{0x0000000089be57b0}: org/gradle/api/internal/DefaultNamedDomainObjectCollectionBeanInfo> (0x0000000089be57b0) 
thrown [s\src\hotspot\share\classfile\systemDictionary.cpp, line 256]
Event: 34.019 Thread 0x000001d84e5416b0 Exception <a 'java/lang/ClassNotFoundException'{0x0000000089bfb550}: org/gradle/api/internal/DefaultNamedDomainObjectCollectionCustomizer> (0x0000000089bfb550) 
thrown [s\src\hotspot\share\classfile\systemDictionary.cpp, line 256]
Event: 34.026 Thread 0x000001d84e5416b0 Exception <a 'java/lang/ClassNotFoundException'{0x0000000089a3a1e8}: org/gradle/api/internal/DefaultNamedDomainObjectListCustomizer> (0x0000000089a3a1e8) 
thrown [s\src\hotspot\share\classfile\systemDictionary.cpp, line 256]
Event: 34.031 Thread 0x000001d84e5416b0 Exception <a 'java/lang/ClassNotFoundException'{0x0000000089a6f7d8}: org/gradle/api/internal/artifacts/DefaultArtifactRepositoryContainerCustomizer> (0x0000000089a6f7d8) 
thrown [s\src\hotspot\share\classfile\systemDictionary.cpp, line 256]
Event: 34.037 Thread 0x000001d84e5416b0 Exception <a 'java/lang/ClassNotFoundException'{0x0000000089a99a50}: org/gradle/api/internal/artifacts/dsl/DefaultRepositoryHandlerCustomizer> (0x0000000089a99a50) 
thrown [s\src\hotspot\share\classfile\systemDictionary.cpp, line 256]
Event: 34.063 Thread 0x000001d84e5416b0 Exception <a 'java/lang/ClassNotFoundException'{0x0000000089ad2130}: org/gradle/api/internal/artifacts/dsl/DefaultRepositoryHandler_DecoratedCustomizer> (0x0000000089ad2130) 
thrown [s\src\hotspot\share\classfile\systemDictionary.cpp, line 256]
Event: 34.105 Thread 0x000001d84e5416b0 Exception <a 'java/lang/ClassNotFoundException'{0x00000000899aa730}: org/gradle/api/internal/artifacts/dsl/dependencies/DefaultDependencyHandler_DecoratedBeanInfo> (0x00000000899aa730) 
thrown [s\src\hotspot\share\classfile\systemDictionary.cpp, line 256]
Event: 34.107 Thread 0x000001d84e5416b0 Exception <a 'java/lang/ClassNotFoundException'{0x00000000899c1e38}: org/gradle/api/internal/artifacts/dsl/dependencies/DefaultDependencyHandlerBeanInfo> (0x00000000899c1e38) 
thrown [s\src\hotspot\share\classfile\systemDictionary.cpp, line 256]
Event: 34.108 Thread 0x000001d84e5416b0 Exception <a 'java/lang/ClassNotFoundException'{0x00000000899d8fb0}: org/gradle/api/internal/artifacts/dsl/dependencies/DefaultDependencyHandlerCustomizer> (0x00000000899d8fb0) 
thrown [s\src\hotspot\share\classfile\systemDictionary.cpp, line 256]
Event: 34.112 Thread 0x000001d84e5416b0 Exception <a 'java/lang/ClassNotFoundException'{0x0000000089818c38}: org/gradle/api/internal/artifacts/dsl/dependencies/DefaultDependencyHandler_DecoratedCustomizer> (0x0000000089818c38) 
thrown [s\src\hotspot\share\classfile\systemDictionary.cpp, line 256]
Event: 35.162 Thread 0x000001d84f1e4730 Exception <a 'sun/nio/fs/WindowsException'{0x000000008823e760}> (0x000000008823e760) 
thrown [s\src\hotspot\share\prims\jni.cpp, line 516]
Event: 35.165 Thread 0x000001d84f1e4730 Exception <a 'sun/nio/fs/WindowsException'{0x00000000882413c0}> (0x00000000882413c0) 
thrown [s\src\hotspot\share\prims\jni.cpp, line 516]
Event: 35.182 Thread 0x000001d84f1e4730 Exception <a 'sun/nio/fs/WindowsException'{0x0000000088243c90}> (0x0000000088243c90) 
thrown [s\src\hotspot\share\prims\jni.cpp, line 516]
Event: 35.184 Thread 0x000001d84f1e4730 Exception <a 'sun/nio/fs/WindowsException'{0x00000000882635d8}> (0x00000000882635d8) 
thrown [s\src\hotspot\share\prims\jni.cpp, line 516]

VM Operations (20 events):
Event: 33.764 Executing VM operation: HandshakeAllThreads
Event: 33.765 Executing VM operation: HandshakeAllThreads done
Event: 33.999 Executing VM operation: HandshakeAllThreads
Event: 33.999 Executing VM operation: HandshakeAllThreads done
Event: 34.157 Executing VM operation: HandshakeAllThreads
Event: 34.157 Executing VM operation: HandshakeAllThreads done
Event: 34.463 Executing VM operation: ICBufferFull
Event: 34.463 Executing VM operation: ICBufferFull done
Event: 34.833 Executing VM operation: ICBufferFull
Event: 34.833 Executing VM operation: ICBufferFull done
Event: 35.223 Executing VM operation: ICBufferFull
Event: 35.224 Executing VM operation: ICBufferFull done
Event: 35.478 Executing VM operation: G1CollectForAllocation
Event: 35.499 Executing VM operation: G1CollectForAllocation done
Event: 36.346 Executing VM operation: ICBufferFull
Event: 36.353 Executing VM operation: ICBufferFull done
Event: 36.354 Executing VM operation: G1CollectForAllocation
Event: 36.377 Executing VM operation: G1CollectForAllocation done
Event: 36.780 Executing VM operation: G1CollectForAllocation
Event: 36.789 Executing VM operation: G1CollectForAllocation done

Events (20 events):
Event: 34.022 Thread 0x000001d82d6bb660 flushing nmethod 0x000001d817d56610
Event: 34.022 Thread 0x000001d82d6bb660 flushing nmethod 0x000001d817d5b790
Event: 34.022 Thread 0x000001d82d6bb660 flushing nmethod 0x000001d817d60a10
Event: 34.475 loading class java/util/Collections$ReverseComparator
Event: 34.475 loading class java/util/Collections$ReverseComparator done
Event: 34.475 loading class java/util/Collections$ReverseComparator2
Event: 34.475 loading class java/util/Collections$ReverseComparator2 done
Event: 34.743 Thread 0x000001d852053450 Thread added: 0x000001d852053450
Event: 35.005 Thread 0x000001d849119810 Thread added: 0x000001d849119810
Event: 35.006 Thread 0x000001d851c9de80 Thread added: 0x000001d851c9de80
Event: 35.006 Thread 0x000001d851c9edb0 Thread added: 0x000001d851c9edb0
Event: 35.007 Thread 0x000001d84f1dec10 Thread added: 0x000001d84f1dec10
Event: 35.007 Thread 0x000001d8493eca60 Thread added: 0x000001d8493eca60
Event: 35.007 Thread 0x000001d8493ed480 Thread added: 0x000001d8493ed480
Event: 35.008 Thread 0x000001d8493ee8c0 Thread added: 0x000001d8493ee8c0
Event: 35.052 Thread 0x000001d8493ed990 Thread added: 0x000001d8493ed990
Event: 35.085 loading class jdk/internal/misc/ScopedMemoryAccess$Scope$Handle
Event: 35.085 loading class jdk/internal/misc/ScopedMemoryAccess$Scope$Handle done
Event: 35.898 Thread 0x000001d852053450 Thread exited: 0x000001d852053450
Event: 35.966 Thread 0x000001d852054ee0 Thread added: 0x000001d852054ee0


Dynamic libraries:
0x00007ff7cfbb0000 - 0x00007ff7cfbbe000 	C:\Program Files\Microsoft\jdk-17.0.8.7-hotspot\bin\java.exe
0x00007ff8eaa60000 - 0x00007ff8eacc3000 	C:\WINDOWS\SYSTEM32\ntdll.dll
0x00007ff8ea290000 - 0x00007ff8ea358000 	C:\WINDOWS\System32\KERNEL32.DLL
0x00007ff8e7f60000 - 0x00007ff8e8312000 	C:\WINDOWS\System32\KERNELBASE.dll
0x00007ff8e8350000 - 0x00007ff8e849b000 	C:\WINDOWS\System32\ucrtbase.dll
0x00007ff8d4f60000 - 0x00007ff8d4f7b000 	C:\Program Files\Microsoft\jdk-17.0.8.7-hotspot\bin\VCRUNTIME140.dll
0x00007ff8d4f40000 - 0x00007ff8d4f57000 	C:\Program Files\Microsoft\jdk-17.0.8.7-hotspot\bin\jli.dll
0x00007ff8e8ff0000 - 0x00007ff8e91b8000 	C:\WINDOWS\System32\USER32.dll
0x00007ff8b0690000 - 0x00007ff8b0920000 	C:\WINDOWS\WinSxS\amd64_microsoft.windows.common-controls_6595b64144ccf1df_6.0.26100.2454_none_3e0b68a2e331ad60\COMCTL32.dll
0x00007ff8e8320000 - 0x00007ff8e8347000 	C:\WINDOWS\System32\win32u.dll
0x00007ff8e8a80000 - 0x00007ff8e8b29000 	C:\WINDOWS\System32\msvcrt.dll
0x00007ff8ea9c0000 - 0x00007ff8ea9ea000 	C:\WINDOWS\System32\GDI32.dll
0x00007ff8e7e30000 - 0x00007ff8e7f5b000 	C:\WINDOWS\System32\gdi32full.dll
0x00007ff8e84a0000 - 0x00007ff8e8543000 	C:\WINDOWS\System32\msvcp_win.dll
0x00007ff8e8a40000 - 0x00007ff8e8a6f000 	C:\WINDOWS\System32\IMM32.DLL
0x00007ff8d5020000 - 0x00007ff8d502c000 	C:\Program Files\Microsoft\jdk-17.0.8.7-hotspot\bin\vcruntime140_1.dll
0x00007ff895170000 - 0x00007ff8951fd000 	C:\Program Files\Microsoft\jdk-17.0.8.7-hotspot\bin\msvcp140.dll
0x00007ff823fe0000 - 0x00007ff824c45000 	C:\Program Files\Microsoft\jdk-17.0.8.7-hotspot\bin\server\jvm.dll
0x00007ff8ea880000 - 0x00007ff8ea934000 	C:\WINDOWS\System32\ADVAPI32.dll
0x00007ff8ea100000 - 0x00007ff8ea1a6000 	C:\WINDOWS\System32\sechost.dll
0x00007ff8ea3e0000 - 0x00007ff8ea4f6000 	C:\WINDOWS\System32\RPCRT4.dll
0x00007ff8e7cc0000 - 0x00007ff8e7d0e000 	C:\WINDOWS\SYSTEM32\POWRPROF.dll
0x00007ff8b3ab0000 - 0x00007ff8b3aba000 	C:\WINDOWS\SYSTEM32\WSOCK32.dll
0x00007ff8e98d0000 - 0x00007ff8e9944000 	C:\WINDOWS\System32\WS2_32.dll
0x00007ff8dda70000 - 0x00007ff8ddaa6000 	C:\WINDOWS\SYSTEM32\WINMM.dll
0x00007ff8dd380000 - 0x00007ff8dd38b000 	C:\WINDOWS\SYSTEM32\VERSION.dll
0x00007ff8e7ca0000 - 0x00007ff8e7cb4000 	C:\WINDOWS\SYSTEM32\UMPDC.dll
0x00007ff8e6c30000 - 0x00007ff8e6c4a000 	C:\WINDOWS\SYSTEM32\kernel.appcore.dll
0x00007ff8d5000000 - 0x00007ff8d500a000 	C:\Program Files\Microsoft\jdk-17.0.8.7-hotspot\bin\jimage.dll
0x00007ff8dd6d0000 - 0x00007ff8dd911000 	C:\WINDOWS\SYSTEM32\DBGHELP.DLL
0x00007ff8e9d70000 - 0x00007ff8ea0ee000 	C:\WINDOWS\System32\combase.dll
0x00007ff8e88d0000 - 0x00007ff8e89a6000 	C:\WINDOWS\System32\OLEAUT32.dll
0x00007ff8b35b0000 - 0x00007ff8b35e9000 	C:\WINDOWS\SYSTEM32\dbgcore.DLL
0x00007ff8e8820000 - 0x00007ff8e88b9000 	C:\WINDOWS\System32\bcryptPrimitives.dll
0x00007ff8ab080000 - 0x00007ff8ab08e000 	C:\Program Files\Microsoft\jdk-17.0.8.7-hotspot\bin\instrument.dll
0x00007ff8d3180000 - 0x00007ff8d31a5000 	C:\Program Files\Microsoft\jdk-17.0.8.7-hotspot\bin\java.dll
0x00007ff895090000 - 0x00007ff895167000 	C:\Program Files\Microsoft\jdk-17.0.8.7-hotspot\bin\jsvml.dll
0x00007ff8e91c0000 - 0x00007ff8e98c0000 	C:\WINDOWS\System32\SHELL32.dll
0x00007ff8e5b00000 - 0x00007ff8e6331000 	C:\WINDOWS\SYSTEM32\windows.storage.dll
0x00007ff8ea1b0000 - 0x00007ff8ea28a000 	C:\WINDOWS\System32\SHCORE.dll
0x00007ff8ea820000 - 0x00007ff8ea87d000 	C:\WINDOWS\System32\shlwapi.dll
0x00007ff8e7d40000 - 0x00007ff8e7d6e000 	C:\WINDOWS\SYSTEM32\profapi.dll
0x00007ff8acb40000 - 0x00007ff8acb58000 	C:\Program Files\Microsoft\jdk-17.0.8.7-hotspot\bin\zip.dll
0x00007ff8d4ef0000 - 0x00007ff8d4f09000 	C:\Program Files\Microsoft\jdk-17.0.8.7-hotspot\bin\net.dll
0x00007ff8d77c0000 - 0x00007ff8d78e6000 	C:\WINDOWS\SYSTEM32\WINHTTP.dll
0x00007ff8e7110000 - 0x00007ff8e7178000 	C:\WINDOWS\system32\mswsock.dll
0x00007ff8d3d10000 - 0x00007ff8d3d26000 	C:\Program Files\Microsoft\jdk-17.0.8.7-hotspot\bin\nio.dll
0x00007ff8d4fd0000 - 0x00007ff8d4fe0000 	C:\Program Files\Microsoft\jdk-17.0.8.7-hotspot\bin\verify.dll
0x00007ff8aa900000 - 0x00007ff8aa927000 	C:\Users\Lenovo\.gradle\native\c067742578af261105cb4f569cf0c3c89f3d7b1fecec35dd04571415982c5e48\windows-amd64\native-platform.dll
0x00007ff894c10000 - 0x00007ff894d54000 	C:\Users\Lenovo\.gradle\native\100fb08df4bc3b14c8652ba06237920a3bd2aa13389f12d3474272988ae205f9\windows-amd64\native-platform-file-events.dll
0x00007ff8d4f30000 - 0x00007ff8d4f39000 	C:\Program Files\Microsoft\jdk-17.0.8.7-hotspot\bin\management.dll
0x00007ff8d4eb0000 - 0x00007ff8d4ebb000 	C:\Program Files\Microsoft\jdk-17.0.8.7-hotspot\bin\management_ext.dll
0x00007ff8e88c0000 - 0x00007ff8e88c8000 	C:\WINDOWS\System32\PSAPI.DLL
0x00007ff8e74c0000 - 0x00007ff8e74dc000 	C:\WINDOWS\SYSTEM32\CRYPTSP.dll
0x00007ff8e6b90000 - 0x00007ff8e6bc8000 	C:\WINDOWS\system32\rsaenh.dll
0x00007ff8e71b0000 - 0x00007ff8e71db000 	C:\WINDOWS\SYSTEM32\USERENV.dll
0x00007ff8e7650000 - 0x00007ff8e7676000 	C:\WINDOWS\SYSTEM32\bcrypt.dll
0x00007ff8e7340000 - 0x00007ff8e734c000 	C:\WINDOWS\SYSTEM32\CRYPTBASE.dll
0x00007ff8e6700000 - 0x00007ff8e6732000 	C:\WINDOWS\SYSTEM32\IPHLPAPI.DLL
0x00007ff8ea800000 - 0x00007ff8ea80a000 	C:\WINDOWS\System32\NSI.dll
0x00007ff8dd390000 - 0x00007ff8dd3ae000 	C:\WINDOWS\SYSTEM32\dhcpcsvc6.DLL
0x00007ff8d7610000 - 0x00007ff8d7635000 	C:\WINDOWS\SYSTEM32\dhcpcsvc.DLL
0x00007ff8e67d0000 - 0x00007ff8e68f5000 	C:\WINDOWS\SYSTEM32\DNSAPI.dll
0x00007ff8d3d00000 - 0x00007ff8d3d0e000 	C:\Program Files\Microsoft\jdk-17.0.8.7-hotspot\bin\sunmscapi.dll
0x00007ff8e8550000 - 0x00007ff8e86c6000 	C:\WINDOWS\System32\CRYPT32.dll
0x00007ff8e7610000 - 0x00007ff8e7640000 	C:\WINDOWS\SYSTEM32\ncrypt.dll
0x00007ff8e75c0000 - 0x00007ff8e75ff000 	C:\WINDOWS\SYSTEM32\NTASN1.dll
0x00007ff8e36c0000 - 0x00007ff8e36c8000 	C:\WINDOWS\system32\wshunix.dll
0x00007ff8b21a0000 - 0x00007ff8b21b8000 	C:\WINDOWS\system32\napinsp.dll
0x00007ff8b0660000 - 0x00007ff8b0672000 	C:\WINDOWS\System32\winrnr.dll
0x00007ff8b04a0000 - 0x00007ff8b04c2000 	C:\WINDOWS\system32\nlansp_c.dll
0x00007ff8b0560000 - 0x00007ff8b0576000 	C:\WINDOWS\system32\wshbth.dll
0x00007ff8d63e0000 - 0x00007ff8d63eb000 	C:\Windows\System32\rasadhlp.dll
0x00007ff8d7bd0000 - 0x00007ff8d7c55000 	C:\WINDOWS\System32\fwpuclnt.dll

dbghelp: loaded successfully - version: 4.0.5 - missing functions: none
symbol engine: initialized successfully - sym options: 0x614 - pdb path: .;C:\Program Files\Microsoft\jdk-17.0.8.7-hotspot\bin;C:\WINDOWS\SYSTEM32;C:\WINDOWS\WinSxS\amd64_microsoft.windows.common-controls_6595b64144ccf1df_6.0.26100.2454_none_3e0b68a2e331ad60;C:\Program Files\Microsoft\jdk-17.0.8.7-hotspot\bin\server;C:\Users\Lenovo\.gradle\native\c067742578af261105cb4f569cf0c3c89f3d7b1fecec35dd04571415982c5e48\windows-amd64;C:\Users\Lenovo\.gradle\native\100fb08df4bc3b14c8652ba06237920a3bd2aa13389f12d3474272988ae205f9\windows-amd64

VM Arguments:
jvm_args: -XX:MaxMetaspaceSize=512m --add-opens=java.base/java.util=ALL-UNNAMED --add-opens=java.base/java.lang=ALL-UNNAMED --add-opens=java.base/java.lang.invoke=ALL-UNNAMED --add-opens=java.prefs/java.util.prefs=ALL-UNNAMED --add-exports=jdk.compiler/com.sun.tools.javac.api=ALL-UNNAMED --add-exports=jdk.compiler/com.sun.tools.javac.util=ALL-UNNAMED --add-opens=java.base/java.nio.charset=ALL-UNNAMED --add-opens=java.base/java.net=ALL-UNNAMED --add-opens=java.base/java.util.concurrent.atomic=ALL-UNNAMED -Xmx2048m -Dfile.encoding=utf8 -Duser.country=IL -Duser.language=he -Duser.variant -javaagent:C:\Users\Lenovo\.gradle\wrapper\dists\gradle-8.10.2-all\7iv73wktx1xtkvlq19urqw1wm\gradle-8.10.2\lib\agents\gradle-instrumentation-agent-8.10.2.jar 
java_command: org.gradle.launcher.daemon.bootstrap.GradleDaemon 8.10.2
java_class_path (initial): C:\Users\Lenovo\.gradle\wrapper\dists\gradle-8.10.2-all\7iv73wktx1xtkvlq19urqw1wm\gradle-8.10.2\lib\gradle-daemon-main-8.10.2.jar
Launcher Type: SUN_STANDARD

[Global flags]
     intx CICompilerCount                          = 4                                         {product} {ergonomic}
   size_t CompressedClassSpaceSize                 = 436207616                                 {product} {ergonomic}
     uint ConcGCThreads                            = 2                                         {product} {ergonomic}
     uint G1ConcRefinementThreads                  = 8                                         {product} {ergonomic}
   size_t G1HeapRegionSize                         = 1048576                                   {product} {ergonomic}
    uintx GCDrainStackTargetSize                   = 64                                        {product} {ergonomic}
   size_t InitialHeapSize                          = 266338304                                 {product} {ergonomic}
   size_t MarkStackSize                            = 4194304                                   {product} {ergonomic}
   size_t MaxHeapSize                              = 2147483648                                {product} {command line}
   size_t MaxMetaspaceSize                         = 536870912                                 {product} {command line}
   size_t MaxNewSize                               = 1287651328                                {product} {ergonomic}
   size_t MinHeapDeltaBytes                        = 1048576                                   {product} {ergonomic}
   size_t MinHeapSize                              = 8388608                                   {product} {ergonomic}
    uintx NonNMethodCodeHeapSize                   = 5839372                                {pd product} {ergonomic}
    uintx NonProfiledCodeHeapSize                  = 122909434                              {pd product} {ergonomic}
    uintx ProfiledCodeHeapSize                     = 122909434                              {pd product} {ergonomic}
    uintx ReservedCodeCacheSize                    = 251658240                              {pd product} {ergonomic}
     bool SegmentedCodeCache                       = true                                      {product} {ergonomic}
   size_t SoftMaxHeapSize                          = 2147483648                             {manageable} {ergonomic}
     bool UseCompressedClassPointers               = true                           {product lp64_product} {ergonomic}
     bool UseCompressedOops                        = true                           {product lp64_product} {ergonomic}
     bool UseG1GC                                  = true                                      {product} {ergonomic}
     bool UseLargePagesIndividualAllocation        = false                                  {pd product} {ergonomic}

Logging:
Log output configuration:
 #0: stdout all=warning uptime,level,tags
 #1: stderr all=off uptime,level,tags

Environment Variables:
JAVA_HOME=C:\Program Files\Microsoft\jdk-17.0.8.7-hotspot\
PATH=C:\Program Files\NVIDIA GPU Computing Toolkit\CUDA\v12.5\bin;C:\Program Files\NVIDIA GPU Computing Toolkit\CUDA\v12.5\libnvvp;C:\Program Files\Microsoft\jdk-17.0.8.7-hotspot\bin;C:\Program Files\Java\jdk-21\bin;C:\Program Files\Common Files\Oracle\Java\javapath;C:\Program Files (x86)\Common Files\Oracle\Java\javapath;C:\Program Files\BellSoft\LibericaJDK-8\bin;C:\WINDOWS\system32;C:\WINDOWS;C:\WINDOWS\System32\Wbem;C:\WINDOWS\System32\WindowsPowerShell\v1.0\;C:\WINDOWS\System32\OpenSSH\;C:\ProgramData\chocolatey\bin;C:\Users\Lenovo\AppData\Local\Android\Sdk\platform-tools;C:\Program Files\dotnet\;C:\Program Files\NVIDIA Corporation\Nsight Compute 2024.2.0\;C:\Program Files (x86)\NVIDIA Corporation\PhysX\Common;%NVM_HOME%;%NVM_SYMLINK%;C:\Program Files\Git\cmd;C:\Program Files\Docker\Docker\resources\bin;C:\Users\Lenovo\scoop\shims;C:\Users\Lenovo\AppData\Local\Programs\Python\Python312\Scripts\;C:\Users\Lenovo\AppData\Local\Programs\Python\Python312\;C:\Users\Lenovo\AppData\Local\Microsoft\WindowsApps;C:\Users\Lenovo\AppData\Local\GitHubDesktop\bin;C:\Program Files\heroku\bin;C:\Users\Lenovo\AppData\Local\Programs\Microsoft VS Code\bin;C:\Users\Lenovo\AppData\Roaming\npm;C:\Users\Lenovo\AppData\Roaming\nvm;C:\Program Files\nodejs;C:\Users\Lenovo\Desktop\flutter\bin;
USERNAME=Lenovo
OS=Windows_NT
PROCESSOR_IDENTIFIER=Intel64 Family 6 Model 140 Stepping 1, GenuineIntel
TMP=C:\Users\Lenovo\AppData\Local\Temp
TEMP=C:\Users\Lenovo\AppData\Local\Temp



---------------  S Y S T E M  ---------------

OS:
 Windows 11 , 64 bit Build 26100 (10.0.26100.2454)
OS uptime: 2 days 16:15 hours
Hyper-V role detected

CPU: total 8 (initial active 8) (4 cores per cpu, 2 threads per core) family 6 model 140 stepping 1 microcode 0xa4, cx8, cmov, fxsr, ht, mmx, 3dnowpref, sse, sse2, sse3, ssse3, sse4.1, sse4.2, popcnt, lzcnt, tsc, tscinvbit, avx, avx2, aes, erms, clmul, bmi1, bmi2, adx, avx512f, avx512dq, avx512cd, avx512bw, avx512vl, sha, fma, vzeroupper, avx512_vpopcntdq, avx512_vpclmulqdq, avx512_vaes, avx512_vnni, clflush, clflushopt, clwb, avx512_vbmi2, avx512_vbmi, hv
Processor Information for all 8 processors :
  Max Mhz: 2803, Current Mhz: 2803, Mhz Limit: 2803

Memory: 4k page, system-wide physical 16167M (1671M free)
TotalPageFile size 28455M (AvailPageFile size 5385M)
current process WorkingSet (physical memory assigned to process): 417M, peak: 419M
current process commit charge ("private bytes"): 464M, peak: 466M

vm_info: OpenJDK 64-Bit Server VM (17.0.8+7-LTS) for windows-amd64 JRE (17.0.8+7-LTS), built on Jul  7 2023 17:21:55 by "MicrosoftCorporation" with MS VC++ 16.10 / 16.11 (VS2019)

END.
